/var/spool/slurmd/job6103842/slurm_script: line 13: moduel: command not found
-- canu snapshot v2.2 +0 changes (r10279 af9c6e709ff2d6473cf966702c420b9eb42d9078)
--
-- CITATIONS
--
-- For 'standard' assemblies of PacBio or Nanopore reads:
--   Koren S, Walenz BP, Berlin K, Miller JR, Phillippy AM.
--   Canu: scalable and accurate long-read assembly via adaptive k-mer weighting and repeat separation.
--   Genome Res. 2017 May;27(5):722-736.
--   http://doi.org/10.1101/gr.215087.116
-- 
-- Read and contig alignments during correction and consensus use:
--   Šošic M, Šikic M.
--   Edlib: a C/C ++ library for fast, exact sequence alignment using edit distance.
--   Bioinformatics. 2017 May 1;33(9):1394-1395.
--   http://doi.org/10.1093/bioinformatics/btw753
-- 
-- Overlaps are generated using:
--   Berlin K, et al.
--   Assembling large genomes with single-molecule sequencing and locality-sensitive hashing.
--   Nat Biotechnol. 2015 Jun;33(6):623-30.
--   http://doi.org/10.1038/nbt.3238
-- 
--   Myers EW, et al.
--   A Whole-Genome Assembly of Drosophila.
--   Science. 2000 Mar 24;287(5461):2196-204.
--   http://doi.org/10.1126/science.287.5461.2196
-- 
-- Corrected read consensus sequences are generated using an algorithm derived from FALCON-sense:
--   Chin CS, et al.
--   Phased diploid genome assembly with single-molecule real-time sequencing.
--   Nat Methods. 2016 Dec;13(12):1050-1054.
--   http://doi.org/10.1038/nmeth.4035
-- 
-- Contig consensus sequences are generated using an algorithm derived from pbdagcon:
--   Chin CS, et al.
--   Nonhybrid, finished microbial genome assemblies from long-read SMRT sequencing data.
--   Nat Methods. 2013 Jun;10(6):563-9
--   http://doi.org/10.1038/nmeth.2474
-- 
-- CONFIGURE CANU
--
-- Detected Java(TM) Runtime Environment '1.8.0_151' (from '/sw/comp/java/x86_64/sun_jdk1.8.0_151/bin/java') with -d64 support.
-- Detected gnuplot version '4.6 patchlevel 2   ' (from 'gnuplot') and image format 'png'.
--
-- Detected 4 CPUs and 32000 gigabytes of memory on the local machine.
--
-- Detected Slurm with 'sinfo' binary in /usr/bin/sinfo.
--          Slurm disabled by useGrid=false
--
-- Local machine mode enabled; grid support not detected or not allowed.
--
-- Job limits:
--      4 CPUs              (maxThreads option).
--
--                                (tag)Concurrency
--                         (tag)Threads          |
--                (tag)Memory         |          |
--        (tag)             |         |          |       total usage      algorithm
--        -------  ----------  --------   --------  --------------------  -----------------------------
-- Local: meryl     12.000 GB    4 CPUs x   1 job     12.000 GB   4 CPUs  (k-mer counting)
-- Local: hap        8.000 GB    4 CPUs x   1 job      8.000 GB   4 CPUs  (read-to-haplotype assignment)
-- Local: cormhap    6.000 GB    4 CPUs x   1 job      6.000 GB   4 CPUs  (overlap detection with mhap)
-- Local: obtovl     4.000 GB    4 CPUs x   1 job      4.000 GB   4 CPUs  (overlap detection)
-- Local: utgovl     4.000 GB    4 CPUs x   1 job      4.000 GB   4 CPUs  (overlap detection)
-- Local: cor        -.--- GB    4 CPUs x   - jobs     -.--- GB   - CPUs  (read correction)
-- Local: ovb        4.000 GB    1 CPU  x   4 jobs    16.000 GB   4 CPUs  (overlap store bucketizer)
-- Local: ovs        8.000 GB    1 CPU  x   4 jobs    32.000 GB   4 CPUs  (overlap store sorting)
-- Local: red       16.000 GB    4 CPUs x   1 job     16.000 GB   4 CPUs  (read error detection)
-- Local: oea        8.000 GB    1 CPU  x   4 jobs    32.000 GB   4 CPUs  (overlap error adjustment)
-- Local: bat       16.000 GB    4 CPUs x   1 job     16.000 GB   4 CPUs  (contig construction with bogart)
-- Local: cns        -.--- GB    4 CPUs x   - jobs     -.--- GB   - CPUs  (consensus)
--
-- Found untrimmed raw PacBio CLR reads in the input files.
--
-- Generating assembly 'assembled_genome' in '/domus/h1/fewa6597/genome_analysis/Genome_Analysis_VT22/results/canu':
--   genomeSize:
--     2400000
--
--   Overlap Generation Limits:
--     corOvlErrorRate 0.2400 ( 24.00%)
--     obtOvlErrorRate 0.0450 (  4.50%)
--     utgOvlErrorRate 0.0450 (  4.50%)
--
--   Overlap Processing Limits:
--     corErrorRate    0.2500 ( 25.00%)
--     obtErrorRate    0.0450 (  4.50%)
--     utgErrorRate    0.0450 (  4.50%)
--     cnsErrorRate    0.0750 (  7.50%)
--
--   Stages to run:
--     correct raw reads.
--     trim corrected reads.
--     assemble corrected and trimmed reads.
--
--
-- BEGIN CORRECTION
----------------------------------------
-- Starting command on Wed Mar 30 16:01:24 2022 with 15914.943 GB free disk space

    cd .
    ./assembled_genome.seqStore.sh \
    > ./assembled_genome.seqStore.err 2>&1

-- Finished on Wed Mar 30 16:02:26 2022 (62 seconds) with 15912.221 GB free disk space
----------------------------------------
--
-- In sequence store './assembled_genome.seqStore':
--   Found 34520 reads.
--   Found 480014407 bases (200 times coverage).
--    Histogram of raw reads:
--    
--    G=480014407                        sum of  ||               length     num
--    NG         length     index       lengths  ||                range    seqs
--    ----- ------------ --------- ------------  ||  ------------------- -------
--    00010        38646      1087     48014964  ||       1000-2450         4339|---------------------------------------------------------------
--    00020        33684      2418     96007929  ||       2451-3901         2623|---------------------------------------
--    00030        28953      3953    144032330  ||       3902-5352         2080|-------------------------------
--    00040        24658      5753    192021492  ||       5353-6803         2002|------------------------------
--    00050        20911      7868    240022519  ||       6804-8254         1861|----------------------------
--    00060        17528     10376    288016637  ||       8255-9705         1930|-----------------------------
--    00070        14483     13393    336017691  ||       9706-11156        1993|-----------------------------
--    00080        11572     17095    384022785  ||      11157-12607        2035|------------------------------
--    00090         7973     21990    432016691  ||      12608-14058        1740|--------------------------
--    00100         1000     34519    480014407  ||      14059-15509        1683|-------------------------
--    001.000x               34520    480014407  ||      15510-16960        1387|---------------------
--                                               ||      16961-18411        1172|------------------
--                                               ||      18412-19862        1116|-----------------
--                                               ||      19863-21313         961|--------------
--                                               ||      21314-22764         831|-------------
--                                               ||      22765-24215         800|------------
--                                               ||      24216-25666         717|-----------
--                                               ||      25667-27117         615|---------
--                                               ||      27118-28568         539|--------
--                                               ||      28569-30019         512|--------
--                                               ||      30020-31470         460|-------
--                                               ||      31471-32921         459|-------
--                                               ||      32922-34372         447|-------
--                                               ||      34373-35823         410|------
--                                               ||      35824-37274         394|------
--                                               ||      37275-38725         346|------
--                                               ||      38726-40176         233|----
--                                               ||      40177-41627         184|---
--                                               ||      41628-43078         156|---
--                                               ||      43079-44529         121|--
--                                               ||      44530-45980          91|--
--                                               ||      45981-47431          71|--
--                                               ||      47432-48882          48|-
--                                               ||      48883-50333          38|-
--                                               ||      50334-51784          30|-
--                                               ||      51785-53235          13|-
--                                               ||      53236-54686          21|-
--                                               ||      54687-56137          16|-
--                                               ||      56138-57588          12|-
--                                               ||      57589-59039           7|-
--                                               ||      59040-60490           8|-
--                                               ||      60491-61941           8|-
--                                               ||      61942-63392           2|-
--                                               ||      63393-64843           1|-
--                                               ||      64844-66294           1|-
--                                               ||      66295-67745           2|-
--                                               ||      67746-69196           3|-
--                                               ||      69197-70647           1|-
--                                               ||      70648-72098           0|
--                                               ||      72099-73549           1|-
--    
----------------------------------------
-- Starting command on Wed Mar 30 16:02:26 2022 with 15912.217 GB free disk space

    cd correction/0-mercounts
    ./meryl-configure.sh \
    > ./meryl-configure.err 2>&1

-- Finished on Wed Mar 30 16:02:27 2022 (one second) with 15912.193 GB free disk space
----------------------------------------
--  segments   memory batches
--  -------- -------- -------
--        01  1.24 GB       2
--        02  0.62 GB       2
--        04  0.31 GB       2
--
--  For 34520 reads with 480014407 bases, limit to 4 batches.
--  Will count kmers using 01 jobs, each using 3 GB and 4 threads.
--
-- Finished stage 'merylConfigure', reset canuIteration.
--
-- Running jobs.  First attempt out of 2.
----------------------------------------
-- Starting 'meryl' concurrent execution on Wed Mar 30 16:02:27 2022 with 15912.192 GB free disk space (1 processes; 1 concurrently)

    cd correction/0-mercounts
    ./meryl-count.sh 1 > ./meryl-count.000001.out 2>&1

-- Finished on Wed Mar 30 16:03:50 2022 (83 seconds) with 15909.423 GB free disk space
----------------------------------------
-- Found 1 Kmer counting (meryl) outputs.
-- Finished stage 'cor-merylCountCheck', reset canuIteration.
--
-- Running jobs.  First attempt out of 2.
----------------------------------------
-- Starting 'meryl' concurrent execution on Wed Mar 30 16:03:50 2022 with 15909.423 GB free disk space (1 processes; 1 concurrently)

    cd correction/0-mercounts
    ./meryl-process.sh 1 > ./meryl-process.000001.out 2>&1

-- Finished on Wed Mar 30 16:04:09 2022 (19 seconds) with 15908.929 GB free disk space
----------------------------------------
-- Meryl finished successfully.  Kmer frequency histogram:
--
--  16-mers                                                                                           Fraction
--    Occurrences   NumMers                                                                         Unique Total
--       1-     1         0                                                                        0.0000 0.0000
--       2-     2  40915374 ********************************************************************** 0.6558 0.3727
--       3-     4  14465008 ************************                                               0.8231 0.5154
--       5-     7   3493692 *****                                                                  0.9183 0.6323
--       8-    11    785873 *                                                                      0.9490 0.6903
--      12-    16    513178                                                                        0.9577 0.7152
--      17-    22   1020165 *                                                                      0.9668 0.7547
--      23-    29    876461 *                                                                      0.9836 0.8525
--      30-    37    253041                                                                        0.9959 0.9450
--      38-    46     40023                                                                        0.9991 0.9752
--      47-    56     11811                                                                        0.9996 0.9815
--      57-    67      4481                                                                        0.9998 0.9840
--      68-    79      2016                                                                        0.9998 0.9851
--      80-    92      1279                                                                        0.9999 0.9858
--      93-   106      1322                                                                        0.9999 0.9863
--     107-   121      1135                                                                        0.9999 0.9869
--     122-   137       865                                                                        0.9999 0.9874
--     138-   154       615                                                                        0.9999 0.9879
--     155-   172       552                                                                        0.9999 0.9883
--     173-   191       478                                                                        1.0000 0.9888
--     192-   211       312                                                                        1.0000 0.9891
--     212-   232       194                                                                        1.0000 0.9894
--     233-   254       121                                                                        1.0000 0.9896
--     255-   277       121                                                                        1.0000 0.9897
--     278-   301        82                                                                        1.0000 0.9899
--     302-   326       112                                                                        1.0000 0.9900
--     327-   352       123                                                                        1.0000 0.9902
--     353-   379       150                                                                        1.0000 0.9904
--     380-   407       142                                                                        1.0000 0.9906
--     408-   436       104                                                                        1.0000 0.9909
--     437-   466        62                                                                        1.0000 0.9910
--     467-   497        58                                                                        1.0000 0.9912
--     498-   529        46                                                                        1.0000 0.9913
--     530-   562        47                                                                        1.0000 0.9914
--     563-   596        23                                                                        1.0000 0.9915
--     597-   631        35                                                                        1.0000 0.9916
--     632-   667        52                                                                        1.0000 0.9917
--     668-   704        43                                                                        1.0000 0.9918
--     705-   742        21                                                                        1.0000 0.9920
--     743-   781        15                                                                        1.0000 0.9920
--     782-   821        11                                                                        1.0000 0.9921
--
--           0 (max occurrences)
--   219550620 (total mers, non-unique)
--    62389542 (distinct mers, non-unique)
--           0 (unique mers)
-- Finished stage 'meryl-process', reset canuIteration.
--
-- Removing meryl database 'correction/0-mercounts/assembled_genome.ms16'.
--
-- OVERLAPPER (mhap) (correction)
--
-- Set corMhapSensitivity=low based on read coverage of 200.
--
-- PARAMETERS: hashes=256, minMatches=3, threshold=0.8
--
-- Given 5.4 GB, can fit 16200 reads per block.
-- For 15 blocks, set stride to 2 blocks.
-- Logging partitioning to 'correction/1-overlapper/partitioning.log'.
-- Configured 14 mhap precompute jobs.
-- Configured 50 mhap overlap jobs.
-- Finished stage 'cor-mhapConfigure', reset canuIteration.
--
-- Running jobs.  First attempt out of 2.
----------------------------------------
-- Starting 'cormhap' concurrent execution on Wed Mar 30 16:04:09 2022 with 15908.928 GB free disk space (14 processes; 1 concurrently)

    cd correction/1-overlapper
    ./precompute.sh 1 > ./precompute.000001.out 2>&1
    ./precompute.sh 2 > ./precompute.000002.out 2>&1
    ./precompute.sh 3 > ./precompute.000003.out 2>&1
    ./precompute.sh 4 > ./precompute.000004.out 2>&1
    ./precompute.sh 5 > ./precompute.000005.out 2>&1
    ./precompute.sh 6 > ./precompute.000006.out 2>&1
    ./precompute.sh 7 > ./precompute.000007.out 2>&1
    ./precompute.sh 8 > ./precompute.000008.out 2>&1
    ./precompute.sh 9 > ./precompute.000009.out 2>&1
    ./precompute.sh 10 > ./precompute.000010.out 2>&1
    ./precompute.sh 11 > ./precompute.000011.out 2>&1
    ./precompute.sh 12 > ./precompute.000012.out 2>&1
    ./precompute.sh 13 > ./precompute.000013.out 2>&1
    ./precompute.sh 14 > ./precompute.000014.out 2>&1

-- Finished on Wed Mar 30 16:44:08 2022 (2399 seconds) with 15871.166 GB free disk space
----------------------------------------
-- All 14 mhap precompute jobs finished successfully.
-- Finished stage 'cor-mhapPrecomputeCheck', reset canuIteration.
--
-- Running jobs.  First attempt out of 2.
----------------------------------------
-- Starting 'cormhap' concurrent execution on Wed Mar 30 16:44:08 2022 with 15871.166 GB free disk space (50 processes; 1 concurrently)

    cd correction/1-overlapper
    ./mhap.sh 1 > ./mhap.000001.out 2>&1
    ./mhap.sh 2 > ./mhap.000002.out 2>&1
    ./mhap.sh 3 > ./mhap.000003.out 2>&1
    ./mhap.sh 4 > ./mhap.000004.out 2>&1
    ./mhap.sh 5 > ./mhap.000005.out 2>&1
    ./mhap.sh 6 > ./mhap.000006.out 2>&1
    ./mhap.sh 7 > ./mhap.000007.out 2>&1
    ./mhap.sh 8 > ./mhap.000008.out 2>&1
    ./mhap.sh 9 > ./mhap.000009.out 2>&1
    ./mhap.sh 10 > ./mhap.000010.out 2>&1
    ./mhap.sh 11 > ./mhap.000011.out 2>&1
    ./mhap.sh 12 > ./mhap.000012.out 2>&1
    ./mhap.sh 13 > ./mhap.000013.out 2>&1
    ./mhap.sh 14 > ./mhap.000014.out 2>&1
    ./mhap.sh 15 > ./mhap.000015.out 2>&1
    ./mhap.sh 16 > ./mhap.000016.out 2>&1
    ./mhap.sh 17 > ./mhap.000017.out 2>&1
    ./mhap.sh 18 > ./mhap.000018.out 2>&1
    ./mhap.sh 19 > ./mhap.000019.out 2>&1
    ./mhap.sh 20 > ./mhap.000020.out 2>&1
    ./mhap.sh 21 > ./mhap.000021.out 2>&1
    ./mhap.sh 22 > ./mhap.000022.out 2>&1
    ./mhap.sh 23 > ./mhap.000023.out 2>&1
    ./mhap.sh 24 > ./mhap.000024.out 2>&1
    ./mhap.sh 25 > ./mhap.000025.out 2>&1
    ./mhap.sh 26 > ./mhap.000026.out 2>&1
    ./mhap.sh 27 > ./mhap.000027.out 2>&1
    ./mhap.sh 28 > ./mhap.000028.out 2>&1
    ./mhap.sh 29 > ./mhap.000029.out 2>&1
    ./mhap.sh 30 > ./mhap.000030.out 2>&1
    ./mhap.sh 31 > ./mhap.000031.out 2>&1
    ./mhap.sh 32 > ./mhap.000032.out 2>&1
    ./mhap.sh 33 > ./mhap.000033.out 2>&1
    ./mhap.sh 34 > ./mhap.000034.out 2>&1
    ./mhap.sh 35 > ./mhap.000035.out 2>&1
    ./mhap.sh 36 > ./mhap.000036.out 2>&1
    ./mhap.sh 37 > ./mhap.000037.out 2>&1
    ./mhap.sh 38 > ./mhap.000038.out 2>&1
    ./mhap.sh 39 > ./mhap.000039.out 2>&1
    ./mhap.sh 40 > ./mhap.000040.out 2>&1
    ./mhap.sh 41 > ./mhap.000041.out 2>&1
    ./mhap.sh 42 > ./mhap.000042.out 2>&1
    ./mhap.sh 43 > ./mhap.000043.out 2>&1
    ./mhap.sh 44 > ./mhap.000044.out 2>&1
    ./mhap.sh 45 > ./mhap.000045.out 2>&1
    ./mhap.sh 46 > ./mhap.000046.out 2>&1
    ./mhap.sh 47 > ./mhap.000047.out 2>&1
    ./mhap.sh 48 > ./mhap.000048.out 2>&1
    ./mhap.sh 49 > ./mhap.000049.out 2>&1
    ./mhap.sh 50 > ./mhap.000050.out 2>&1

-- Finished on Wed Mar 30 16:47:06 2022 (178 seconds) with 15868.844 GB free disk space
----------------------------------------
-- Found 50 mhap overlap output files.
-- Finished stage 'cor-mhapCheck', reset canuIteration.
----------------------------------------
-- Starting command on Wed Mar 30 16:47:06 2022 with 15868.844 GB free disk space

    cd correction
    /sw/bioinfo/canu/2.2/rackham/bin/ovStoreConfig \
     -S ../assembled_genome.seqStore \
     -M 4-8 \
     -L ./1-overlapper/ovljob.files \
     -create ./assembled_genome.ovlStore.config \
     > ./assembled_genome.ovlStore.config.txt \
    2> ./assembled_genome.ovlStore.config.err

-- Finished on Wed Mar 30 16:47:07 2022 (one second) with 15868.843 GB free disk space
----------------------------------------
--
-- Creating overlap store correction/assembled_genome.ovlStore using:
--      2 buckets
--      2 slices
--        using at most 1 GB memory each
-- Finished stage 'cor-overlapStoreConfigure', reset canuIteration.
--
-- Running jobs.  First attempt out of 2.
----------------------------------------
-- Starting 'ovB' concurrent execution on Wed Mar 30 16:47:07 2022 with 15868.843 GB free disk space (2 processes; 4 concurrently)

    cd correction/assembled_genome.ovlStore.BUILDING
    ./scripts/1-bucketize.sh 1 > ./logs/1-bucketize.000001.out 2>&1
    ./scripts/1-bucketize.sh 2 > ./logs/1-bucketize.000002.out 2>&1

-- Finished on Wed Mar 30 16:47:08 2022 (one second) with 15868.813 GB free disk space
----------------------------------------
-- Overlap store bucketizer finished.
-- Finished stage 'cor-overlapStoreBucketizerCheck', reset canuIteration.
--
-- Running jobs.  First attempt out of 2.
----------------------------------------
-- Starting 'ovS' concurrent execution on Wed Mar 30 16:47:08 2022 with 15868.813 GB free disk space (2 processes; 4 concurrently)

    cd correction/assembled_genome.ovlStore.BUILDING
    ./scripts/2-sort.sh 1 > ./logs/2-sort.000001.out 2>&1
    ./scripts/2-sort.sh 2 > ./logs/2-sort.000002.out 2>&1

-- Finished on Wed Mar 30 16:47:09 2022 (one second) with 15868.76 GB free disk space
----------------------------------------
-- Overlap store sorter finished.
-- Finished stage 'cor-overlapStoreSorterCheck', reset canuIteration.
----------------------------------------
-- Starting command on Wed Mar 30 16:47:09 2022 with 15868.76 GB free disk space

    cd correction
    /sw/bioinfo/canu/2.2/rackham/bin/ovStoreIndexer \
      -O  ./assembled_genome.ovlStore.BUILDING \
      -S ../assembled_genome.seqStore \
      -C  ./assembled_genome.ovlStore.config \
      -delete \
    > ./assembled_genome.ovlStore.BUILDING.index.err 2>&1

-- Finished on Wed Mar 30 16:47:09 2022 (in the blink of an eye) with 15868.742 GB free disk space
----------------------------------------
-- Overlap store indexer finished.
-- Checking store.
----------------------------------------
-- Starting command on Wed Mar 30 16:47:09 2022 with 15868.742 GB free disk space

    cd correction
    /sw/bioinfo/canu/2.2/rackham/bin/ovStoreDump \
     -S ../assembled_genome.seqStore \
     -O  ./assembled_genome.ovlStore \
     -counts \
     > ./assembled_genome.ovlStore/counts.dat 2> ./assembled_genome.ovlStore/counts.err

-- Finished on Wed Mar 30 16:47:09 2022 (in the blink of an eye) with 15868.74 GB free disk space
----------------------------------------
--
-- Overlap store 'correction/assembled_genome.ovlStore' successfully constructed.
-- Found 1579380 overlaps for 23670 reads; 191606 reads have no overlaps.
--
--
-- Purged 0.638 GB in 114 overlap output files.
-- Finished stage 'cor-createOverlapStore', reset canuIteration.
-- Set corMinCoverage=4 based on read coverage of 200.
-- Computing correction layouts.
--   Local  filter coverage   80
--   Global filter coverage   40
----------------------------------------
-- Starting command on Wed Mar 30 16:47:10 2022 with 15868.73 GB free disk space

    cd correction
    /sw/bioinfo/canu/2.2/rackham/bin/generateCorrectionLayouts \
      -S ../assembled_genome.seqStore \
      -O  ./assembled_genome.ovlStore \
      -C  ./assembled_genome.corStore.WORKING \
      -eC 80 \
      -xC 40 \
    > ./assembled_genome.corStore.err 2>&1

-- Finished on Wed Mar 30 16:47:11 2022 (one second) with 15868.625 GB free disk space
----------------------------------------
-- Finished stage 'cor-buildCorrectionLayoutsConfigure', reset canuIteration.
-- Computing correction layouts.
----------------------------------------
-- Starting command on Wed Mar 30 16:47:11 2022 with 15868.625 GB free disk space

    cd correction/2-correction
    /sw/bioinfo/canu/2.2/rackham/bin/filterCorrectionLayouts \
      -S  ../../assembled_genome.seqStore \
      -C     ../assembled_genome.corStore \
      -R      ./assembled_genome.readsToCorrect.WORKING \
      -cc 4 \
      -cl 1000 \
      -g  2400000 \
      -c  40 \
    > ./assembled_genome.readsToCorrect.err 2>&1

-- Finished on Wed Mar 30 16:47:11 2022 (like a bat out of hell) with 15868.609 GB free disk space
----------------------------------------
--                             original      original
--                            raw reads     raw reads
--   category                w/overlaps  w/o/overlaps
--   -------------------- ------------- -------------
--   Number of Reads              21134        194142
--   Number of Bases          347129471      31373868
--   Coverage                   144.637        13.072
--   Median                       13889             0
--   Mean                         16425           161
--   N50                          22115         19346
--   Minimum                       1002             0
--   Maximum                      64897         61661
--   
--                                        --------corrected---------  ----------rescued----------
--                             evidence                     expected                     expected
--   category                     reads            raw     corrected            raw     corrected
--   -------------------- -------------  ------------- -------------  ------------- -------------
--   Number of Reads              19712           3656          3656            742           742
--   Number of Bases          343230341      109582122      96000075        5307852       2415581
--   Coverage                   143.013         45.659        40.000          2.212         1.006
--   Median                       14781          29638         25079           4443          2253
--   Mean                         17412          29973         26258           7153          3255
--   N50                          22558          32158         26959          12151          4633
--   Minimum                       1002          18515         18514           1018          1003
--   Maximum                      64897          59150         42819          47423         15984
--   
--                        --------uncorrected--------
--                                           expected
--   category                       raw     corrected
--   -------------------- ------------- -------------
--   Number of Reads             210878        210878
--   Number of Bases          263613365     120659594
--   Coverage                   109.839        50.275
--   Median                           0             0
--   Mean                          1250           572
--   N50                          17118         11870
--   Minimum                          0             0
--   Maximum                      64897         42908
--   
--   Maximum Memory          1109963084
-- Finished stage 'cor-filterCorrectionLayouts', reset canuIteration.
--
-- Correction jobs estimated to need at most 1.033 GB for computation.
-- Correction jobs will request 6 GB each.
--
-- Local: cor        6.000 GB    4 CPUs x   1 job      6.000 GB   4 CPUs  (read correction)
--
--
-- Configuring correction jobs:
--   Reads estimated to need at most 1.033 GB for computation.
--   Jobs will request 6 GB each.
----------------------------------------
-- Starting command on Wed Mar 30 16:47:11 2022 with 15868.609 GB free disk space

    cd correction/2-correction
    ./correctReadsPartition.sh \
    > ./correctReadsPartition.err 2>&1

-- Finished on Wed Mar 30 16:47:12 2022 (one second) with 15868.609 GB free disk space
----------------------------------------
-- Finished stage 'cor-generateCorrectedReadsConfigure', reset canuIteration.
--
-- Running jobs.  First attempt out of 2.
----------------------------------------
-- Starting 'cor' concurrent execution on Wed Mar 30 16:47:12 2022 with 15868.609 GB free disk space (1 processes; 1 concurrently)

    cd correction/2-correction
    ./correctReads.sh 1 > ./correctReads.000001.out 2>&1

-- Finished on Wed Mar 30 17:13:51 2022 (1599 seconds) with 15841.93 GB free disk space
----------------------------------------
-- Found 1 read correction output files.
-- Finished stage 'cor-generateCorrectedReadsCheck', reset canuIteration.
-- Found 1 read correction output files.
-- Finished stage 'cor-generateCorrectedReadsCheck', reset canuIteration.
--
-- Loading corrected reads into corStore and seqStore.
----------------------------------------
-- Starting command on Wed Mar 30 17:13:51 2022 with 15841.929 GB free disk space

    cd correction
    /sw/bioinfo/canu/2.2/rackham/bin/loadCorrectedReads \
      -S ../assembled_genome.seqStore \
      -C ./assembled_genome.corStore \
      -L ./2-correction/corjob.files \
    >  ./assembled_genome.loadCorrectedReads.log \
    2> ./assembled_genome.loadCorrectedReads.err

-- Finished on Wed Mar 30 17:13:53 2022 (2 seconds) with 15841.752 GB free disk space
----------------------------------------
--
-- In sequence store './assembled_genome.seqStore':
--   Found 3636 reads.
--   Found 73654781 bases (30.68 times coverage).
--    Histogram of corrected reads:
--    
--    G=73654781                         sum of  ||               length     num
--    NG         length     index       lengths  ||                range    seqs
--    ----- ------------ --------- ------------  ||  ------------------- -------
--    00010        33063       208      7380256  ||       1005-1811           50|--------------
--    00020        29761       443     14757878  ||       1812-2618           13|----
--    00030        26862       703     22105698  ||       2619-3425           10|---
--    00040        24415       991     29478009  ||       3426-4232           10|---
--    00050        22319      1307     36830641  ||       4233-5039           13|----
--    00060        20736      1650     44201026  ||       5040-5846           13|----
--    00070        19223      2019     51563474  ||       5847-6653           16|-----
--    00080        17690      2418     58940037  ||       6654-7460           23|-------
--    00090        13937      2882     66295293  ||       7461-8267           26|--------
--    00100         1005      3635     73654781  ||       8268-9074           43|------------
--    001.000x                3636     73654781  ||       9075-9881           64|------------------
--                                               ||       9882-10688          93|--------------------------
--                                               ||      10689-11495          96|---------------------------
--                                               ||      11496-12302          99|----------------------------
--                                               ||      12303-13109          87|-------------------------
--                                               ||      13110-13916          95|---------------------------
--                                               ||      13917-14723          96|---------------------------
--                                               ||      14724-15530         103|-----------------------------
--                                               ||      15531-16337          97|---------------------------
--                                               ||      16338-17144          88|-------------------------
--                                               ||      17145-17951         139|---------------------------------------
--                                               ||      17952-18758         215|------------------------------------------------------------
--                                               ||      18759-19565         227|---------------------------------------------------------------
--                                               ||      19566-20372         192|------------------------------------------------------
--                                               ||      20373-21179         179|--------------------------------------------------
--                                               ||      21180-21986         172|------------------------------------------------
--                                               ||      21987-22793         151|------------------------------------------
--                                               ||      22794-23600         135|--------------------------------------
--                                               ||      23601-24407          98|----------------------------
--                                               ||      24408-25214         105|------------------------------
--                                               ||      25215-26021          87|-------------------------
--                                               ||      26022-26828          96|---------------------------
--                                               ||      26829-27635          74|---------------------
--                                               ||      27636-28442          72|--------------------
--                                               ||      28443-29249          75|---------------------
--                                               ||      29250-30056          66|-------------------
--                                               ||      30057-30863          53|---------------
--                                               ||      30864-31670          53|---------------
--                                               ||      31671-32477          71|--------------------
--                                               ||      32478-33284          44|-------------
--                                               ||      33285-34091          58|-----------------
--                                               ||      34092-34898          32|---------
--                                               ||      34899-35705          33|----------
--                                               ||      35706-36512          30|---------
--                                               ||      36513-37319          13|----
--                                               ||      37320-38126          15|-----
--                                               ||      38127-38933           9|---
--                                               ||      38934-39740           3|-
--                                               ||      39741-40547           2|-
--                                               ||      40548-41354           2|-
--    
--
-- Purging correctReads output after loading into stores.
-- Purged 1 .cns outputs.
-- Purged 2 .out job log outputs.
--
-- No corrected reads generated, overlaps used for correction saved.
-- Finished stage 'cor-loadCorrectedReads', reset canuIteration.
----------------------------------------
-- Starting command on Wed Mar 30 17:13:53 2022 with 15841.751 GB free disk space

    cd .
    /sw/bioinfo/canu/2.2/rackham/bin/sqStoreDumpFASTQ \
      -corrected \
      -S ./assembled_genome.seqStore \
      -o ./assembled_genome.correctedReads.gz \
      -fasta \
      -nolibname \
    > assembled_genome.correctedReads.fasta.err 2>&1

-- Finished on Wed Mar 30 17:13:55 2022 (2 seconds) with 15841.725 GB free disk space
----------------------------------------
--
-- Corrected reads saved in 'assembled_genome.correctedReads.fasta.gz'.
-- Finished stage 'cor-dumpCorrectedReads', reset canuIteration.
--
-- BEGIN TRIMMING
----------------------------------------
-- Starting command on Wed Mar 30 17:13:55 2022 with 15841.725 GB free disk space

    cd trimming/0-mercounts
    ./meryl-configure.sh \
    > ./meryl-configure.err 2>&1

-- Finished on Wed Mar 30 17:13:56 2022 (one second) with 15841.724 GB free disk space
----------------------------------------
--  segments   memory batches
--  -------- -------- -------
--        01  0.30 GB       2
--
--  For 3636 reads with 73654781 bases, limit to 1 batch.
--  Will count kmers using 01 jobs, each using 2 GB and 4 threads.
--
-- Finished stage 'merylConfigure', reset canuIteration.
--
-- Running jobs.  First attempt out of 2.
----------------------------------------
-- Starting 'meryl' concurrent execution on Wed Mar 30 17:13:56 2022 with 15841.724 GB free disk space (1 processes; 1 concurrently)

    cd trimming/0-mercounts
    ./meryl-count.sh 1 > ./meryl-count.000001.out 2>&1

-- Finished on Wed Mar 30 17:14:09 2022 (13 seconds) with 15841.605 GB free disk space
----------------------------------------
-- Found 1 Kmer counting (meryl) outputs.
-- Finished stage 'obt-merylCountCheck', reset canuIteration.
--
-- Running jobs.  First attempt out of 2.
----------------------------------------
-- Starting 'meryl' concurrent execution on Wed Mar 30 17:14:09 2022 with 15841.605 GB free disk space (1 processes; 1 concurrently)

    cd trimming/0-mercounts
    ./meryl-process.sh 1 > ./meryl-process.000001.out 2>&1

-- Finished on Wed Mar 30 17:14:11 2022 (2 seconds) with 15841.359 GB free disk space
----------------------------------------
-- Meryl finished successfully.  Kmer frequency histogram:
--
--  22-mers                                                                                           Fraction
--    Occurrences   NumMers                                                                         Unique Total
--       1-     1         0                                                                        0.0000 0.0000
--       2-     2    391232 ***************************                                            0.1231 0.0112
--       3-     4    179646 ************                                                           0.1626 0.0166
--       5-     7     55197 ***                                                                    0.1883 0.0217
--       8-    11     41900 **                                                                     0.1996 0.0252
--      12-    16    178357 ************                                                           0.2165 0.0336
--      17-    22    540212 *************************************                                  0.2879 0.0842
--      23-    29    997850 ********************************************************************** 0.4757 0.2621
--      30-    37    608481 ******************************************                             0.7868 0.6433
--      38-    46    162639 ***********                                                            0.9524 0.8974
--      47-    56     17545 *                                                                      0.9942 0.9769
--      57-    67      1485                                                                        0.9981 0.9859
--      68-    79      1050                                                                        0.9986 0.9872
--      80-    92      1208                                                                        0.9989 0.9881
--      93-   106       159                                                                        0.9993 0.9896
--     107-   121        20                                                                        0.9993 0.9898
--     122-   137        51                                                                        0.9993 0.9898
--     138-   154        30                                                                        0.9993 0.9899
--     155-   172         0                                                                        0.0000 0.0000
--     173-   191         0                                                                        0.0000 0.0000
--     192-   211        30                                                                        0.9993 0.9900
--     212-   232        13                                                                        0.9994 0.9901
--     233-   254        52                                                                        0.9994 0.9901
--     255-   277       333                                                                        0.9994 0.9903
--     278-   301      1304                                                                        0.9995 0.9917
--     302-   326       281                                                                        0.9999 0.9973
--     327-   352         4                                                                        1.0000 0.9983
--     353-   379         0                                                                        0.0000 0.0000
--     380-   407         0                                                                        0.0000 0.0000
--     408-   436         0                                                                        0.0000 0.0000
--     437-   466         0                                                                        0.0000 0.0000
--     467-   497         0                                                                        0.0000 0.0000
--     498-   529         2                                                                        1.0000 0.9983
--     530-   562         5                                                                        1.0000 0.9983
--     563-   596         1                                                                        1.0000 0.9984
--     597-   631         6                                                                        1.0000 0.9984
--     632-   667        23                                                                        1.0000 0.9984
--     668-   704        10                                                                        1.0000 0.9986
--     705-   742         4                                                                        1.0000 0.9987
--
--           0 (max occurrences)
--    69670457 (total mers, non-unique)
--     3179132 (distinct mers, non-unique)
--           0 (unique mers)
-- Finished stage 'meryl-process', reset canuIteration.
--
-- Removing meryl database 'trimming/0-mercounts/assembled_genome.ms22'.
--
-- OVERLAPPER (normal) (trimming) erate=0.045
--
----------------------------------------
-- Starting command on Wed Mar 30 17:14:11 2022 with 15841.359 GB free disk space

    cd trimming/1-overlapper
    /sw/bioinfo/canu/2.2/rackham/bin/overlapInCorePartition \
     -S  ../../assembled_genome.seqStore \
     -hl 80000000 \
     -rl 1000000000 \
     -ol 500 \
     -o  ./assembled_genome.partition \
    > ./assembled_genome.partition.err 2>&1

-- Finished on Wed Mar 30 17:14:11 2022 (lickety-split) with 15841.359 GB free disk space
----------------------------------------
--
-- Configured 1 overlapInCore jobs.
-- Finished stage 'obt-overlapConfigure', reset canuIteration.
--
-- Running jobs.  First attempt out of 2.
----------------------------------------
-- Starting 'obtovl' concurrent execution on Wed Mar 30 17:14:11 2022 with 15841.359 GB free disk space (1 processes; 1 concurrently)

    cd trimming/1-overlapper
    ./overlap.sh 1 > ./overlap.000001.out 2>&1

-- Finished on Wed Mar 30 17:20:06 2022 (355 seconds) with 15837.063 GB free disk space
----------------------------------------
-- Found 1 overlapInCore output files.
--
-- overlapInCore compute 'trimming/1-overlapper':
--   kmer hits
--     with no overlap            64583       64583 +- 0
--     with an overlap           125698      125698 +- 0
--
--   overlaps                    125697      125697 +- 0
--     contained                      0           0 +- 0
--     dovetail                       0           0 +- 0
--
--   overlaps rejected
--     multiple per pair              0           0 +- 0
--     bad short window               0           0 +- 0
--     bad long window                0           0 +- 0
-- Finished stage 'obt-overlapCheck', reset canuIteration.
----------------------------------------
-- Starting command on Wed Mar 30 17:20:06 2022 with 15837.061 GB free disk space

    cd trimming
    /sw/bioinfo/canu/2.2/rackham/bin/ovStoreConfig \
     -S ../assembled_genome.seqStore \
     -M 3 \
     -L ./1-overlapper/ovljob.files \
     -create ./assembled_genome.ovlStore.config \
     > ./assembled_genome.ovlStore.config.txt \
    2> ./assembled_genome.ovlStore.config.err

-- Finished on Wed Mar 30 17:20:06 2022 (like a bat out of hell) with 15837.06 GB free disk space
----------------------------------------
--
-- Creating overlap store trimming/assembled_genome.ovlStore using:
--      1 bucket
--      2 slices
--        using at most 1 GB memory each
-- Finished stage 'obt-overlapStoreConfigure', reset canuIteration.
--
-- Running jobs.  First attempt out of 2.
----------------------------------------
-- Starting 'ovB' concurrent execution on Wed Mar 30 17:20:06 2022 with 15837.06 GB free disk space (1 processes; 4 concurrently)

    cd trimming/assembled_genome.ovlStore.BUILDING
    ./scripts/1-bucketize.sh 1 > ./logs/1-bucketize.000001.out 2>&1

-- Finished on Wed Mar 30 17:20:07 2022 (one second) with 15837.05 GB free disk space
----------------------------------------
-- Overlap store bucketizer finished.
-- Finished stage 'obt-overlapStoreBucketizerCheck', reset canuIteration.
--
-- Running jobs.  First attempt out of 2.
----------------------------------------
-- Starting 'ovS' concurrent execution on Wed Mar 30 17:20:07 2022 with 15837.05 GB free disk space (2 processes; 4 concurrently)

    cd trimming/assembled_genome.ovlStore.BUILDING
    ./scripts/2-sort.sh 1 > ./logs/2-sort.000001.out 2>&1
    ./scripts/2-sort.sh 2 > ./logs/2-sort.000002.out 2>&1

-- Finished on Wed Mar 30 17:20:07 2022 (in the blink of an eye) with 15837.02 GB free disk space
----------------------------------------
-- Overlap store sorter finished.
-- Finished stage 'obt-overlapStoreSorterCheck', reset canuIteration.
----------------------------------------
-- Starting command on Wed Mar 30 17:20:07 2022 with 15837.02 GB free disk space

    cd trimming
    /sw/bioinfo/canu/2.2/rackham/bin/ovStoreIndexer \
      -O  ./assembled_genome.ovlStore.BUILDING \
      -S ../assembled_genome.seqStore \
      -C  ./assembled_genome.ovlStore.config \
      -delete \
    > ./assembled_genome.ovlStore.BUILDING.index.err 2>&1

-- Finished on Wed Mar 30 17:20:08 2022 (one second) with 15837.001 GB free disk space
----------------------------------------
-- Overlap store indexer finished.
-- Checking store.
----------------------------------------
-- Starting command on Wed Mar 30 17:20:08 2022 with 15837.001 GB free disk space

    cd trimming
    /sw/bioinfo/canu/2.2/rackham/bin/ovStoreDump \
     -S ../assembled_genome.seqStore \
     -O  ./assembled_genome.ovlStore \
     -counts \
     > ./assembled_genome.ovlStore/counts.dat 2> ./assembled_genome.ovlStore/counts.err

-- Finished on Wed Mar 30 17:20:08 2022 (furiously fast) with 15836.999 GB free disk space
----------------------------------------
--
-- Overlap store 'trimming/assembled_genome.ovlStore' successfully constructed.
-- Found 251396 overlaps for 3622 reads; 211654 reads have no overlaps.
--
--
-- Purged 0.003 GB in 3 overlap output files.
-- Finished stage 'obt-createOverlapStore', reset canuIteration.
----------------------------------------
-- Starting command on Wed Mar 30 17:20:08 2022 with 15836.997 GB free disk space

    cd trimming/3-overlapbasedtrimming
    /sw/bioinfo/canu/2.2/rackham/bin/trimReads \
      -S  ../../assembled_genome.seqStore \
      -O  ../assembled_genome.ovlStore \
      -Co ./assembled_genome.1.trimReads.clear \
      -e  0.045 \
      -minlength 1000 \
      -ol 500 \
      -oc 2 \
      -o  ./assembled_genome.1.trimReads \
    >     ./assembled_genome.1.trimReads.err 2>&1

-- Finished on Wed Mar 30 17:20:11 2022 (3 seconds) with 15836.926 GB free disk space
----------------------------------------
--  PARAMETERS:
--  ----------
--     1000    (reads trimmed below this many bases are deleted)
--   0.0450    (use overlaps at or below this fraction error)
--      500    (break region if overlap is less than this long, for 'largest covered' algorithm)
--        2    (break region if overlap coverage is less than this many reads, for 'largest covered' algorithm)
--  
--  INPUT READS:
--  -----------
--  215276 reads     73654781 bases (reads processed)
--       0 reads            0 bases (reads not processed, previously deleted)
--       0 reads            0 bases (reads not processed, in a library where trimming isn't allowed)
--  
--  OUTPUT READS:
--  ------------
--    3291 reads     51569483 bases (trimmed reads output)
--     302 reads      5649872 bases (reads with no change, kept as is)
--  211654 reads        21366 bases (reads with no overlaps, deleted)
--      29 reads        90320 bases (reads with short trimmed length, deleted)
--  
--  TRIMMING DETAILS:
--  ----------------
--    2021 reads      4865865 bases (bases trimmed from the 5' end of a read)
--    2781 reads     11457875 bases (bases trimmed from the 3' end of a read)
-- Finished stage 'obt-trimReads', reset canuIteration.
----------------------------------------
-- Starting command on Wed Mar 30 17:20:11 2022 with 15836.926 GB free disk space

    cd trimming/3-overlapbasedtrimming
    /sw/bioinfo/canu/2.2/rackham/bin/splitReads \
      -S  ../../assembled_genome.seqStore \
      -O  ../assembled_genome.ovlStore \
      -Ci ./assembled_genome.1.trimReads.clear \
      -Co ./assembled_genome.2.splitReads.clear \
      -e  0.045 \
      -minlength 1000 \
      -o  ./assembled_genome.2.splitReads \
    >     ./assembled_genome.2.splitReads.err 2>&1

-- Finished on Wed Mar 30 17:20:11 2022 (like a bat out of hell) with 15836.924 GB free disk space
----------------------------------------
--  PARAMETERS:
--  ----------
--     1000    (reads trimmed below this many bases are deleted)
--   0.0450    (use overlaps at or below this fraction error)
--  INPUT READS:
--  -----------
--    3593 reads     73543095 bases (reads processed)
--  211683 reads       111686 bases (reads not processed, previously deleted)
--       0 reads            0 bases (reads not processed, in a library where trimming isn't allowed)
--  
--  PROCESSED:
--  --------
--       0 reads            0 bases (no overlaps)
--       0 reads            0 bases (no coverage after adjusting for trimming done already)
--       0 reads            0 bases (processed for chimera)
--       0 reads            0 bases (processed for spur)
--    3593 reads     73543095 bases (processed for subreads)
--  
--  READS WITH SIGNALS:
--  ------------------
--       0 reads            0 signals (number of 5' spur signal)
--       0 reads            0 signals (number of 3' spur signal)
--       0 reads            0 signals (number of chimera signal)
--      79 reads           79 signals (number of subread signal)
--  
--  SIGNALS:
--  -------
--       0 reads            0 bases (size of 5' spur signal)
--       0 reads            0 bases (size of 3' spur signal)
--       0 reads            0 bases (size of chimera signal)
--      79 reads        20209 bases (size of subread signal)
--  
--  TRIMMING:
--  --------
--      21 reads       246760 bases (trimmed from the 5' end of the read)
--      58 reads       685265 bases (trimmed from the 3' end of the read)
-- Finished stage 'obt-splitReads', reset canuIteration.
----------------------------------------
-- Starting command on Wed Mar 30 17:20:11 2022 with 15836.924 GB free disk space

    cd trimming/3-overlapbasedtrimming
    /sw/bioinfo/canu/2.2/rackham/bin/loadTrimmedReads \
      -S ../../assembled_genome.seqStore \
      -c ./assembled_genome.2.splitReads.clear \
    > ./assembled_genome.loadTrimmedReads.err 2>&1

-- Finished on Wed Mar 30 17:20:12 2022 (one second) with 15836.908 GB free disk space
----------------------------------------
--
-- In sequence store './assembled_genome.seqStore':
--   Found 3593 reads.
--   Found 56287330 bases (23.45 times coverage).
--    Histogram of corrected-trimmed reads:
--    
--    G=56287330                         sum of  ||               length     num
--    NG         length     index       lengths  ||                range    seqs
--    ----- ------------ --------- ------------  ||  ------------------- -------
--    00010        24685       200      5641760  ||       1015-1764           24|--------
--    00020        21876       443     11259022  ||       1765-2514           10|---
--    00030        20202       712     16905649  ||       2515-3264           20|------
--    00040        18909      1000     22526906  ||       3265-4014           14|-----
--    00050        17701      1307     28144062  ||       4015-4764           17|------
--    00060        15984      1640     33774391  ||       4765-5514           22|-------
--    00070        14323      2013     39413551  ||       5515-6264           18|------
--    00080        12593      2430     45030630  ||       6265-7014           32|----------
--    00090        10774      2911     50662088  ||       7015-7764           45|--------------
--    00100         1015      3592     56287330  ||       7765-8514           49|---------------
--    001.000x                3593     56287330  ||       8515-9264          101|-------------------------------
--                                               ||       9265-10014         131|----------------------------------------
--                                               ||      10015-10764         195|-----------------------------------------------------------
--                                               ||      10765-11514         203|-------------------------------------------------------------
--                                               ||      11515-12264         169|---------------------------------------------------
--                                               ||      12265-13014         211|---------------------------------------------------------------
--                                               ||      13015-13764         178|------------------------------------------------------
--                                               ||      13765-14514         193|----------------------------------------------------------
--                                               ||      14515-15264         165|--------------------------------------------------
--                                               ||      15265-16014         160|------------------------------------------------
--                                               ||      16015-16764         128|---------------------------------------
--                                               ||      16765-17514         151|----------------------------------------------
--                                               ||      17515-18264         201|-------------------------------------------------------------
--                                               ||      18265-19014         188|---------------------------------------------------------
--                                               ||      19015-19764         164|-------------------------------------------------
--                                               ||      19765-20514         145|--------------------------------------------
--                                               ||      20515-21264         133|----------------------------------------
--                                               ||      21265-22014         104|--------------------------------
--                                               ||      22015-22764          71|----------------------
--                                               ||      22765-23514          68|---------------------
--                                               ||      23515-24264          54|-----------------
--                                               ||      24265-25014          39|------------
--                                               ||      25015-25764          42|-------------
--                                               ||      25765-26514          29|---------
--                                               ||      26515-27264          22|-------
--                                               ||      27265-28014          18|------
--                                               ||      28015-28764          17|------
--                                               ||      28765-29514          16|-----
--                                               ||      29515-30264           5|--
--                                               ||      30265-31014           6|--
--                                               ||      31015-31764           5|--
--                                               ||      31765-32514           8|---
--                                               ||      32515-33264           8|---
--                                               ||      33265-34014           2|-
--                                               ||      34015-34764           5|--
--                                               ||      34765-35514           3|-
--                                               ||      35515-36264           0|
--                                               ||      36265-37014           2|-
--                                               ||      37015-37764           1|-
--                                               ||      37765-38514           1|-
--    
--
-- No trimmed reads generated, overlaps used for trimming saved.
-- Finished stage 'obt-dumpReads', reset canuIteration.
----------------------------------------
-- Starting command on Wed Mar 30 17:20:12 2022 with 15836.907 GB free disk space

    cd .
    /sw/bioinfo/canu/2.2/rackham/bin/sqStoreDumpFASTQ \
      -trimmed \
      -S ./assembled_genome.seqStore \
      -o ./assembled_genome.trimmedReads.gz \
      -fasta \
      -trimmed -normal -nolibname \
    > ./assembled_genome.trimmedReads.fasta.err 2>&1

-- Finished on Wed Mar 30 17:20:14 2022 (2 seconds) with 15836.859 GB free disk space
----------------------------------------
--
-- Trimmed reads saved in 'assembled_genome.trimmedReads.fasta.gz'.
-- Finished stage 'cor-dumpTrimmedReads', reset canuIteration.
--
-- BEGIN ASSEMBLY
----------------------------------------
-- Starting command on Wed Mar 30 17:20:14 2022 with 15836.859 GB free disk space

    cd unitigging/0-mercounts
    ./meryl-configure.sh \
    > ./meryl-configure.err 2>&1

-- Finished on Wed Mar 30 17:20:14 2022 (lickety-split) with 15836.858 GB free disk space
----------------------------------------
--  segments   memory batches
--  -------- -------- -------
--        01  0.23 GB       2
--
--  For 3593 reads with 56287330 bases, limit to 1 batch.
--  Will count kmers using 01 jobs, each using 2 GB and 4 threads.
--
-- Finished stage 'merylConfigure', reset canuIteration.
--
-- Running jobs.  First attempt out of 2.
----------------------------------------
-- Starting 'meryl' concurrent execution on Wed Mar 30 17:20:14 2022 with 15836.858 GB free disk space (1 processes; 1 concurrently)

    cd unitigging/0-mercounts
    ./meryl-count.sh 1 > ./meryl-count.000001.out 2>&1

-- Finished on Wed Mar 30 17:20:21 2022 (7 seconds) with 15836.523 GB free disk space
----------------------------------------
-- Found 1 Kmer counting (meryl) outputs.
-- Finished stage 'utg-merylCountCheck', reset canuIteration.
--
-- Running jobs.  First attempt out of 2.
----------------------------------------
-- Starting 'meryl' concurrent execution on Wed Mar 30 17:20:21 2022 with 15836.523 GB free disk space (1 processes; 1 concurrently)

    cd unitigging/0-mercounts
    ./meryl-process.sh 1 > ./meryl-process.000001.out 2>&1

-- Finished on Wed Mar 30 17:20:23 2022 (2 seconds) with 15836.255 GB free disk space
----------------------------------------
-- Meryl finished successfully.  Kmer frequency histogram:
--
--  22-mers                                                                                           Fraction
--    Occurrences   NumMers                                                                         Unique Total
--       1-     1         0                                                                        0.0000 0.0000
--       2-     2    220948 **************                                                         0.0764 0.0082
--       3-     4     97848 ******                                                                 0.0998 0.0119
--       5-     7     39600 **                                                                     0.1160 0.0157
--       8-    11    101834 ******                                                                 0.1289 0.0206
--      12-    16    466899 ******************************                                         0.1790 0.0498
--      17-    22   1061819 ********************************************************************** 0.3720 0.2079
--      23-    29    742263 ************************************************                       0.7467 0.6181
--      30-    37    144996 *********                                                              0.9581 0.9130
--      38-    46      9439                                                                        0.9962 0.9806
--      47-    56      1793                                                                        0.9982 0.9848
--      57-    67       256                                                                        0.9988 0.9865
--      68-    79      1097                                                                        0.9989 0.9869
--      80-    92       149                                                                        0.9992 0.9882
--      93-   106         5                                                                        0.9993 0.9884
--     107-   121         2                                                                        0.9993 0.9884
--     122-   137        41                                                                        0.9993 0.9884
--     138-   154        27                                                                        0.9993 0.9885
--     155-   172         9                                                                        0.9993 0.9886
--     173-   191         0                                                                        0.0000 0.0000
--     192-   211        10                                                                        0.9993 0.9886
--     212-   232         9                                                                        0.9993 0.9887
--     233-   254        75                                                                        0.9993 0.9887
--     255-   277       436                                                                        0.9993 0.9891
--     278-   301      1411                                                                        0.9995 0.9914
--     302-   326        73                                                                        1.0000 0.9990
--     327-   352         0                                                                        0.0000 0.0000
--     353-   379         0                                                                        0.0000 0.0000
--     380-   407         7                                                                        1.0000 0.9992
--
--           0 (max occurrences)
--    54123447 (total mers, non-unique)
--     2891048 (distinct mers, non-unique)
--           0 (unique mers)
-- Finished stage 'meryl-process', reset canuIteration.
--
-- Removing meryl database 'unitigging/0-mercounts/assembled_genome.ms22'.
--
-- OVERLAPPER (normal) (assembly) erate=0.045
--
----------------------------------------
-- Starting command on Wed Mar 30 17:20:23 2022 with 15836.241 GB free disk space

    cd unitigging/1-overlapper
    /sw/bioinfo/canu/2.2/rackham/bin/overlapInCorePartition \
     -S  ../../assembled_genome.seqStore \
     -hl 80000000 \
     -rl 1000000000 \
     -ol 500 \
     -o  ./assembled_genome.partition \
    > ./assembled_genome.partition.err 2>&1

-- Finished on Wed Mar 30 17:20:24 2022 (one second) with 15836.237 GB free disk space
----------------------------------------
--
-- Configured 1 overlapInCore jobs.
-- Finished stage 'utg-overlapConfigure', reset canuIteration.
--
-- Running jobs.  First attempt out of 2.
----------------------------------------
-- Starting 'utgovl' concurrent execution on Wed Mar 30 17:20:24 2022 with 15836.234 GB free disk space (1 processes; 1 concurrently)

    cd unitigging/1-overlapper
    ./overlap.sh 1 > ./overlap.000001.out 2>&1

-- Finished on Wed Mar 30 17:22:45 2022 (141 seconds) with 15834.395 GB free disk space
----------------------------------------
-- Found 1 overlapInCore output files.
--
-- overlapInCore compute 'unitigging/1-overlapper':
--   kmer hits
--     with no overlap            39448       39448 +- 0
--     with an overlap            76128       76128 +- 0
--
--   overlaps                     76128       76128 +- 0
--     contained                  15298       15298 +- 0
--     dovetail                   60830       60830 +- 0
--
--   overlaps rejected
--     multiple per pair              0           0 +- 0
--     bad short window               0           0 +- 0
--     bad long window                0           0 +- 0
-- Finished stage 'utg-overlapCheck', reset canuIteration.
----------------------------------------
-- Starting command on Wed Mar 30 17:22:45 2022 with 15834.395 GB free disk space

    cd unitigging
    /sw/bioinfo/canu/2.2/rackham/bin/ovStoreConfig \
     -S ../assembled_genome.seqStore \
     -M 3 \
     -L ./1-overlapper/ovljob.files \
     -create ./assembled_genome.ovlStore.config \
     > ./assembled_genome.ovlStore.config.txt \
    2> ./assembled_genome.ovlStore.config.err

-- Finished on Wed Mar 30 17:22:45 2022 (like a bat out of hell) with 15834.394 GB free disk space
----------------------------------------
--
-- Creating overlap store unitigging/assembled_genome.ovlStore using:
--      1 bucket
--      2 slices
--        using at most 1 GB memory each
-- Finished stage 'utg-overlapStoreConfigure', reset canuIteration.
--
-- Running jobs.  First attempt out of 2.
----------------------------------------
-- Starting 'ovB' concurrent execution on Wed Mar 30 17:22:45 2022 with 15834.394 GB free disk space (1 processes; 4 concurrently)

    cd unitigging/assembled_genome.ovlStore.BUILDING
    ./scripts/1-bucketize.sh 1 > ./logs/1-bucketize.000001.out 2>&1

-- Finished on Wed Mar 30 17:22:46 2022 (one second) with 15834.391 GB free disk space
----------------------------------------
-- Overlap store bucketizer finished.
-- Finished stage 'utg-overlapStoreBucketizerCheck', reset canuIteration.
--
-- Running jobs.  First attempt out of 2.
----------------------------------------
-- Starting 'ovS' concurrent execution on Wed Mar 30 17:22:46 2022 with 15834.391 GB free disk space (2 processes; 4 concurrently)

    cd unitigging/assembled_genome.ovlStore.BUILDING
    ./scripts/2-sort.sh 1 > ./logs/2-sort.000001.out 2>&1
    ./scripts/2-sort.sh 2 > ./logs/2-sort.000002.out 2>&1

-- Finished on Wed Mar 30 17:22:46 2022 (furiously fast) with 15834.36 GB free disk space
----------------------------------------
-- Overlap store sorter finished.
-- Finished stage 'utg-overlapStoreSorterCheck', reset canuIteration.
----------------------------------------
-- Starting command on Wed Mar 30 17:22:46 2022 with 15834.36 GB free disk space

    cd unitigging
    /sw/bioinfo/canu/2.2/rackham/bin/ovStoreIndexer \
      -O  ./assembled_genome.ovlStore.BUILDING \
      -S ../assembled_genome.seqStore \
      -C  ./assembled_genome.ovlStore.config \
      -delete \
    > ./assembled_genome.ovlStore.BUILDING.index.err 2>&1

-- Finished on Wed Mar 30 17:22:47 2022 (one second) with 15834.342 GB free disk space
----------------------------------------
-- Overlap store indexer finished.
-- Checking store.
----------------------------------------
-- Starting command on Wed Mar 30 17:22:47 2022 with 15834.342 GB free disk space

    cd unitigging
    /sw/bioinfo/canu/2.2/rackham/bin/ovStoreDump \
     -S ../assembled_genome.seqStore \
     -O  ./assembled_genome.ovlStore \
     -counts \
     > ./assembled_genome.ovlStore/counts.dat 2> ./assembled_genome.ovlStore/counts.err

-- Finished on Wed Mar 30 17:22:47 2022 (fast as lightning) with 15834.34 GB free disk space
----------------------------------------
--
-- Overlap store 'unitigging/assembled_genome.ovlStore' successfully constructed.
-- Found 152256 overlaps for 3593 reads; 211683 reads have no overlaps.
--
--
-- Purged 0.002 GB in 3 overlap output files.
----------------------------------------
-- Starting command on Wed Mar 30 17:22:47 2022 with 15834.34 GB free disk space

    cd unitigging
    /sw/bioinfo/canu/2.2/rackham/bin/ovStoreStats \
     -C 23.45 \
     -S ../assembled_genome.seqStore \
     -O  ./assembled_genome.ovlStore \
     -o  ./assembled_genome.ovlStore \
     > ./assembled_genome.ovlStore.summary.err 2>&1

-- Finished on Wed Mar 30 17:22:47 2022 (fast as lightning) with 15834.34 GB free disk space
----------------------------------------
--
-- Overlap store 'unitigging/assembled_genome.ovlStore' contains:
--
--   category            reads     %          read length        feature size or coverage  analysis
--   ----------------  -------  -------  ----------------------  ------------------------  --------------------
--   middle-missing         14    0.39    12191.00 +- 9756.52        401.93 +- 284.64     (bad trimming)
--   middle-hump             0    0.00        0.00 +- 0.00             0.00 +- 0.00       (bad trimming)
--   no-5-prime              3    0.08    13760.67 +- 21435.55      1979.67 +- 2939.30    (bad trimming)
--   no-3-prime              1    0.03     1137.00 +- 0.00           290.00 +- 0.00       (bad trimming)
--   
--   low-coverage            3    0.08     2257.67 +- 1696.85          4.20 +- 1.48       (easy to assemble, potential for lower quality consensus)
--   unique               3503   97.50    15694.96 +- 5441.18         22.28 +- 5.32       (easy to assemble, perfect, yay)
--   repeat-cont             1    0.03     1520.00 +- 0.00            44.97 +- 0.17       (potential for consensus errors, no impact on assembly)
--   repeat-dove             0    0.00        0.00 +- 0.00             0.00 +- 0.00       (hard to assemble, likely won't assemble correctly or even at all)
--   
--   span-repeat            38    1.06    16980.68 +- 7772.37       2755.39 +- 3125.02    (read spans a large repeat, usually easy to assemble)
--   uniq-repeat-cont       21    0.58    12355.10 +- 9512.14                             (should be uniquely placed, low potential for consensus errors, no impact on assembly)
--   uniq-repeat-dove        9    0.25    20197.67 +- 12571.68                            (will end contigs, potential to misassemble)
--   uniq-anchor             0    0.00        0.00 +- 0.00             0.00 +- 0.00       (repeat read, with unique section, probable bad read)
-- Finished stage 'utg-createOverlapStore', reset canuIteration.
--
-- Loading read lengths.
-- Loading number of overlaps per read.
--
-- Configure RED for 16gb memory.
--                   Batches of at most (unlimited) reads.
--                                      500000000 bases.
--                   Expecting evidence of at most 536870912 bases per iteration.
--
--           Total                                               Reads                 Olaps Evidence
--    Job   Memory      Read Range         Reads        Bases   Memory        Olaps   Memory   Memory  (Memory in MB)
--   ---- -------- ------------------- --------- ------------ -------- ------------ -------- --------
--      1  9958.50         1-215276         3636     56399016  6884.76       152256     1.74  1024.00
--   ---- -------- ------------------- --------- ------------ -------- ------------ -------- --------
--                                                   56399016                152256
-- Finished stage 'readErrorDetectionConfigure', reset canuIteration.
--
-- Running jobs.  First attempt out of 2.
----------------------------------------
-- Starting 'red' concurrent execution on Wed Mar 30 17:22:48 2022 with 15834.34 GB free disk space (1 processes; 1 concurrently)

    cd unitigging/3-overlapErrorAdjustment
    ./red.sh 1 > ./red.000001.out 2>&1

-- Finished on Wed Mar 30 17:23:07 2022 (19 seconds) with 15834.178 GB free disk space
----------------------------------------
-- Found 1 read error detection output files.
-- Finished stage 'readErrorDetectionCheck', reset canuIteration.
--
-- Loading read lengths.
-- Loading number of overlaps per read.
--
-- Configure OEA for 8gb memory.
--                   Batches of at most (unlimited) reads.
--                                      300000000 bases.
--
--           Total                                               Reads                 Olaps  Adjusts
--    Job   Memory      Read Range         Reads        Bases   Memory        Olaps   Memory   Memory  (Memory in MB)
--   ---- -------- ------------------- --------- ------------ -------- ------------ -------- --------
--      1  2442.18         1-215276         3636     56399016    61.90       152256     4.65   327.64
--   ---- -------- ------------------- --------- ------------ -------- ------------ -------- --------
--                                                   56399016                152256
-- Finished stage 'overlapErrorAdjustmentConfigure', reset canuIteration.
--
-- Running jobs.  First attempt out of 2.
----------------------------------------
-- Starting 'oea' concurrent execution on Wed Mar 30 17:23:08 2022 with 15834.051 GB free disk space (1 processes; 4 concurrently)

    cd unitigging/3-overlapErrorAdjustment
    ./oea.sh 1 > ./oea.000001.out 2>&1

-- Finished on Wed Mar 30 17:23:13 2022 (5 seconds) with 15833.773 GB free disk space
----------------------------------------
-- Found 1 overlap error adjustment output files.
-- Finished stage 'overlapErrorAdjustmentCheck', reset canuIteration.
----------------------------------------
-- Starting command on Wed Mar 30 17:23:13 2022 with 15833.772 GB free disk space

    cd unitigging/3-overlapErrorAdjustment
    /sw/bioinfo/canu/2.2/rackham/bin/loadErates \
      -S ../../assembled_genome.seqStore \
      -O ../assembled_genome.ovlStore \
      -L ./oea.files \
    > ./oea.apply.err 2>&1

-- Finished on Wed Mar 30 17:23:13 2022 (like a bat out of hell) with 15833.763 GB free disk space
----------------------------------------
-- No report available.
-- Finished stage 'updateOverlapStore', reset canuIteration.
-- Finished stage 'unitig', reset canuIteration.
--
-- Running jobs.  First attempt out of 2.
----------------------------------------
-- Starting 'bat' concurrent execution on Wed Mar 30 17:23:13 2022 with 15833.762 GB free disk space (1 processes; 1 concurrently)

    cd unitigging/4-unitigger
    ./unitigger.sh 1 > ./unitigger.000001.out 2>&1

-- Finished on Wed Mar 30 17:23:15 2022 (2 seconds) with 15833.752 GB free disk space
----------------------------------------
-- Unitigger finished successfully.
--  
--  ERROR RATES
--  -----------
--                                                   --------threshold------
--  4278                         fraction error      fraction        percent
--  samples                              (1e-5)         error          error
--                   --------------------------      --------       --------
--  command line (-eg)                           ->   4500.00        4.5000%
--  command line (-ef)                           ->  -----.--      ---.----%
--  command line (-eM)                           ->   4500.00        4.5000%
--  mean + std.dev      70.08 +-  12 *   172.08  ->   2135.08        2.1351%
--  median + mad        53.00 +-  12 *    49.00  ->    924.77        0.9248%  (enabled)
--  90th percentile                              ->    132.00        0.1320%
--  
--  BEST EDGE FILTERING
--  -------------------
--  At graph threshold 4.5000%, reads:
--    available to have edges:          695
--    with at least one edge:           695
--  
--  At max threshold 4.5000%, reads:  (not computed)
--    available to have edges:            0
--    with at least one edge:             0
--  
--  At tight threshold 0.9248%, reads with:
--    both edges below error threshold:       683  (80.00% minReadsBest threshold = 556)
--    one  edge  above error threshold:         7
--    both edges above error threshold:         5
--    at least one edge:                      695
--  
--  At loose threshold 2.1351%, reads with:
--    both edges below error threshold:       686  (80.00% minReadsBest threshold = 556)
--    one  edge  above error threshold:         7
--    both edges above error threshold:         2
--    at least one edge:                      695
--  
--  
--  INITIAL EDGES
--  -------- ----------------------------------------
--      2885 reads are contained
--    211718 reads have no best edges (singleton)
--         3 reads have only one best edge (spur) 
--                  1 are mutual best
--       670 reads have two best edges 
--                  1 have one mutual best edge
--                666 have two mutual best edges
--  
--  
--  FINAL EDGES
--  -------- ----------------------------------------
--      2885 reads are contained
--    211720 reads have no best edges (singleton)
--         3 reads have only one best edge (spur) 
--                  2 are mutual best
--       668 reads have two best edges 
--                  0 have one mutual best edge
--                666 have two mutual best edges
--  
--  
--  EDGE FILTERING
--  -------- ------------------------------------------
--         0 reads are ignored
--        20 reads have a gap in overlap coverage
--         0 reads have lopsided best edges
-- Found, in version 1, after unitig construction:
--   contigs:      2 sequences, total length 2614393 bp (including 0 repeats of total length 0 bp).
--   bubbles:      1 sequences, total length 41934 bp.
--   unassembled:  39 sequences, total length 394792 bp.
--
-- Contig sizes based on genome size 2.4mbp:
--
--            NG (bp)  LG (contigs)    sum (bp)
--         ----------  ------------  ----------
--     10     2567495             1     2567495
--     20     2567495             1     2567495
--     30     2567495             1     2567495
--     40     2567495             1     2567495
--     50     2567495             1     2567495
--     60     2567495             1     2567495
--     70     2567495             1     2567495
--     80     2567495             1     2567495
--     90     2567495             1     2567495
--    100     2567495             1     2567495
--
-- Finished stage 'unitigCheck', reset canuIteration.
----------------------------------------
-- Starting command on Wed Mar 30 17:23:15 2022 with 15833.752 GB free disk space

    cd unitigging
    /sw/bioinfo/canu/2.2/rackham/bin/utgcns \
      -S ../assembled_genome.seqStore \
      -T  ./assembled_genome.ctgStore 1 \
      -partition 0.8 1 0.1 \
    > ./assembled_genome.ctgStore/partitioning.log 2>&1

-- Finished on Wed Mar 30 17:23:16 2022 (one second) with 15833.708 GB free disk space
----------------------------------------
-- Using slow alignment for consensus (iteration '0').
-- Configured 2 consensus jobs.
-- Finished stage 'consensusConfigure', reset canuIteration.
--
-- Local: cns        2.875 GB    4 CPUs x   1 job      2.875 GB   4 CPUs  (consensus)
--
--
-- Running jobs.  First attempt out of 2.
----------------------------------------
-- Starting 'cns' concurrent execution on Wed Mar 30 17:23:16 2022 with 15833.707 GB free disk space (2 processes; 1 concurrently)

    cd unitigging/5-consensus
    ./consensus.sh 1 > ./consensus.000001.out 2>&1
    ./consensus.sh 2 > ./consensus.000002.out 2>&1

-- Finished on Wed Mar 30 17:24:43 2022 (87 seconds) with 15832.959 GB free disk space
----------------------------------------
-- Using slow alignment for consensus (iteration '1').
-- Configured 2 consensus jobs.
-- All 2 consensus jobs finished successfully.
-- Finished stage 'consensusCheck', reset canuIteration.
-- Using slow alignment for consensus (iteration '0').
-- Configured 2 consensus jobs.
----------------------------------------
-- Starting command on Wed Mar 30 17:24:43 2022 with 15832.959 GB free disk space

    cd unitigging
    /sw/bioinfo/canu/2.2/rackham/bin/tgStoreLoad \
      -S ../assembled_genome.seqStore \
      -T  ./assembled_genome.ctgStore 2 \
      -L ./5-consensus/ctgcns.files \
    > ./5-consensus/ctgcns.files.ctgStoreLoad.err 2>&1

-- Finished on Wed Mar 30 17:24:43 2022 (furiously fast) with 15832.952 GB free disk space
----------------------------------------
-- Purging consensus output after loading to ctgStore.
-- Purged 2 .cns outputs.
----------------------------------------
-- Starting command on Wed Mar 30 17:24:43 2022 with 15832.952 GB free disk space

    cd unitigging
    /sw/bioinfo/canu/2.2/rackham/bin/tgStoreDump \
      -S ../assembled_genome.seqStore \
      -T ./assembled_genome.ctgStore 2 \
      -sizes -s 2400000 \
    > ./assembled_genome.ctgStore/seqDB.v002.sizes.txt

-- Finished on Wed Mar 30 17:24:43 2022 (lickety-split) with 15832.952 GB free disk space
----------------------------------------
-- Found, in version 2, after consensus generation:
--   contigs:      2 sequences, total length 2613528 bp (including 0 repeats of total length 0 bp).
--   bubbles:      1 sequences, total length 42017 bp.
--   unassembled:  39 sequences, total length 394792 bp.
--
-- Contig sizes based on genome size 2.4mbp:
--
--            NG (bp)  LG (contigs)    sum (bp)
--         ----------  ------------  ----------
--     10     2566589             1     2566589
--     20     2566589             1     2566589
--     30     2566589             1     2566589
--     40     2566589             1     2566589
--     50     2566589             1     2566589
--     60     2566589             1     2566589
--     70     2566589             1     2566589
--     80     2566589             1     2566589
--     90     2566589             1     2566589
--    100     2566589             1     2566589
--
-- Finished stage 'consensusLoad', reset canuIteration.
----------------------------------------
-- Starting command on Wed Mar 30 17:24:43 2022 with 15832.952 GB free disk space

    cd .
    /sw/bioinfo/canu/2.2/rackham/bin/tgStoreDump \
      -S ./assembled_genome.seqStore \
      -T ./unitigging/assembled_genome.ctgStore 2 \
      -o ./assembled_genome.contigs \
      -layout \
    > ./assembled_genome.contigs.layout.err 2>&1

-- Finished on Wed Mar 30 17:24:44 2022 (one second) with 15832.944 GB free disk space
----------------------------------------
----------------------------------------
-- Starting command on Wed Mar 30 17:24:44 2022 with 15832.944 GB free disk space

    cd .
    /sw/bioinfo/canu/2.2/rackham/bin/tgStoreDump \
      -S ./assembled_genome.seqStore \
      -T ./unitigging/assembled_genome.ctgStore 2 \
      -consensus -fasta \
      -unassembled \
    > ./assembled_genome.unassembled.fasta
    2> ./assembled_genome.unassembled.err

-- Finished on Wed Mar 30 17:24:44 2022 (lickety-split) with 15832.943 GB free disk space
----------------------------------------
----------------------------------------
-- Starting command on Wed Mar 30 17:24:44 2022 with 15832.943 GB free disk space

    cd .
    /sw/bioinfo/canu/2.2/rackham/bin/tgStoreDump \
      -S ./assembled_genome.seqStore \
      -T ./unitigging/assembled_genome.ctgStore 2 \
      -consensus -fasta \
      -contigs \
    > ./assembled_genome.contigs.fasta
    2> ./assembled_genome.contigs.err

-- Finished on Wed Mar 30 17:24:44 2022 (fast as lightning) with 15832.939 GB free disk space
----------------------------------------
-- Finished stage 'generateOutputs', reset canuIteration.
--
-- Assembly 'assembled_genome' finished in '/domus/h1/fewa6597/genome_analysis/Genome_Analysis_VT22/results/canu'.
--
-- Summary saved in 'assembled_genome.report'.
--
-- Sequences saved:
--   Contigs       -> 'assembled_genome.contigs.fasta'
--   Unassembled   -> 'assembled_genome.unassembled.fasta'
--
-- Read layouts saved:
--   Contigs       -> 'assembled_genome.contigs.layout'.
--
-- Bye.
