/var/spool/slurmd/job6103722/slurm_script: line 12: moduel: command not found
-- canu snapshot v2.2 +0 changes (r10279 af9c6e709ff2d6473cf966702c420b9eb42d9078)
--
-- CITATIONS
--
-- For 'standard' assemblies of PacBio or Nanopore reads:
--   Koren S, Walenz BP, Berlin K, Miller JR, Phillippy AM.
--   Canu: scalable and accurate long-read assembly via adaptive k-mer weighting and repeat separation.
--   Genome Res. 2017 May;27(5):722-736.
--   http://doi.org/10.1101/gr.215087.116
-- 
-- Read and contig alignments during correction and consensus use:
--   Šošic M, Šikic M.
--   Edlib: a C/C ++ library for fast, exact sequence alignment using edit distance.
--   Bioinformatics. 2017 May 1;33(9):1394-1395.
--   http://doi.org/10.1093/bioinformatics/btw753
-- 
-- Overlaps are generated using:
--   Berlin K, et al.
--   Assembling large genomes with single-molecule sequencing and locality-sensitive hashing.
--   Nat Biotechnol. 2015 Jun;33(6):623-30.
--   http://doi.org/10.1038/nbt.3238
-- 
--   Myers EW, et al.
--   A Whole-Genome Assembly of Drosophila.
--   Science. 2000 Mar 24;287(5461):2196-204.
--   http://doi.org/10.1126/science.287.5461.2196
-- 
-- Corrected read consensus sequences are generated using an algorithm derived from FALCON-sense:
--   Chin CS, et al.
--   Phased diploid genome assembly with single-molecule real-time sequencing.
--   Nat Methods. 2016 Dec;13(12):1050-1054.
--   http://doi.org/10.1038/nmeth.4035
-- 
-- Contig consensus sequences are generated using an algorithm derived from pbdagcon:
--   Chin CS, et al.
--   Nonhybrid, finished microbial genome assemblies from long-read SMRT sequencing data.
--   Nat Methods. 2013 Jun;10(6):563-9
--   http://doi.org/10.1038/nmeth.2474
-- 
-- CONFIGURE CANU
--
-- Detected Java(TM) Runtime Environment '1.8.0_151' (from '/sw/comp/java/x86_64/sun_jdk1.8.0_151/bin/java') with -d64 support.
-- Detected gnuplot version '4.6 patchlevel 2   ' (from 'gnuplot') and image format 'png'.
--
-- Detected 2 CPUs and 16000 gigabytes of memory on the local machine.
--
-- Detected Slurm with 'sinfo' binary in /usr/bin/sinfo.
-- Detected Slurm with task IDs up to 1000 allowed.
-- 
-- Slurm support detected.  Resources available:
--    174 hosts with  16 cores and  124 GB memory.
--      1 host  with  80 cores and 3997 GB memory.
--     13 hosts with  16 cores and  249 GB memory.
--     17 hosts with  16 cores and  499 GB memory.
--
--                         (tag)Threads
--                (tag)Memory         |
--        (tag)             |         |  algorithm
--        -------  ----------  --------  -----------------------------
-- Grid:  meryl     12.000 GB    4 CPUs  (k-mer counting)
-- Grid:  hap        8.000 GB    4 CPUs  (read-to-haplotype assignment)
-- Grid:  cormhap    6.000 GB   16 CPUs  (overlap detection with mhap)
-- Grid:  obtovl     4.000 GB    8 CPUs  (overlap detection)
-- Grid:  utgovl     4.000 GB    8 CPUs  (overlap detection)
-- Grid:  cor        -.--- GB    4 CPUs  (read correction)
-- Grid:  ovb        4.000 GB    1 CPU   (overlap store bucketizer)
-- Grid:  ovs        8.000 GB    1 CPU   (overlap store sorting)
-- Grid:  red       16.000 GB    4 CPUs  (read error detection)
-- Grid:  oea        8.000 GB    1 CPU   (overlap error adjustment)
-- Grid:  bat       16.000 GB    4 CPUs  (contig construction with bogart)
-- Grid:  cns        -.--- GB    4 CPUs  (consensus)
--
-- Found untrimmed raw PacBio CLR reads in the input files.
--
-- Generating assembly 'assembled_genome' in '/domus/h1/fewa6597/genome_analysis/Genome_Analysis_VT22/results/canu':
--   genomeSize:
--     2400000
--
--   Overlap Generation Limits:
--     corOvlErrorRate 0.2400 ( 24.00%)
--     obtOvlErrorRate 0.0450 (  4.50%)
--     utgOvlErrorRate 0.0450 (  4.50%)
--
--   Overlap Processing Limits:
--     corErrorRate    0.2500 ( 25.00%)
--     obtErrorRate    0.0450 (  4.50%)
--     utgErrorRate    0.0450 (  4.50%)
--     cnsErrorRate    0.0750 (  7.50%)
--
--   Stages to run:
--     correct raw reads.
--     trim corrected reads.
--     assemble corrected and trimmed reads.
--
--
-- BEGIN CORRECTION
----------------------------------------
-- Starting command on Wed Mar 30 14:55:11 2022 with 15975.301 GB free disk space

    cd .
    ./assembled_genome.seqStore.sh \
    > ./assembled_genome.seqStore.err 2>&1

-- Finished on Wed Mar 30 14:56:33 2022 (82 seconds) with 15974.028 GB free disk space
----------------------------------------
--
-- In sequence store './assembled_genome.seqStore':
--   Found 34536 reads.
--   Found 480005500 bases (200 times coverage).
--    Histogram of raw reads:
--    
--    G=480005500                        sum of  ||               length     num
--    NG         length     index       lengths  ||                range    seqs
--    ----- ------------ --------- ------------  ||  ------------------- -------
--    00010        38791      1080     48023591  ||       1000-2904         5337|---------------------------------------------------------------
--    00020        33696      2409     96015494  ||       2905-4809         3081|-------------------------------------
--    00030        28967      3947    144017181  ||       4810-6714         2515|------------------------------
--    00040        24631      5747    192015679  ||       6715-8619         2425|-----------------------------
--    00050        20810      7867    240007663  ||       8620-10524        2539|------------------------------
--    00060        17538     10378    288017564  ||      10525-12429        2684|--------------------------------
--    00070        14481     13387    336010512  ||      12430-14334        2387|-----------------------------
--    00080        11602     17078    384012263  ||      14335-16239        1980|------------------------
--    00090         7959     21947    432009474  ||      16240-18144        1715|---------------------
--    00100         1000     34535    480005500  ||      18145-20049        1465|------------------
--    001.000x               34536    480005500  ||      20050-21954        1248|---------------
--                                               ||      21955-23859         999|------------
--                                               ||      23860-25764         950|------------
--                                               ||      25765-27669         800|----------
--                                               ||      27670-29574         696|---------
--                                               ||      29575-31479         661|--------
--                                               ||      31480-33384         549|-------
--                                               ||      33385-35289         579|-------
--                                               ||      35290-37194         474|------
--                                               ||      37195-39099         444|------
--                                               ||      39100-41004         291|----
--                                               ||      41005-42909         183|---
--                                               ||      42910-44814         143|--
--                                               ||      44815-46719         118|--
--                                               ||      46720-48624          82|-
--                                               ||      48625-50529          65|-
--                                               ||      50530-52434          37|-
--                                               ||      52435-54339          25|-
--                                               ||      54340-56244          19|-
--                                               ||      56245-58149          13|-
--                                               ||      58150-60054          12|-
--                                               ||      60055-61959           6|-
--                                               ||      61960-63864           4|-
--                                               ||      63865-65769           4|-
--                                               ||      65770-67674           1|-
--                                               ||      67675-69579           2|-
--                                               ||      69580-71484           0|
--                                               ||      71485-73389           0|
--                                               ||      73390-75294           0|
--                                               ||      75295-77199           0|
--                                               ||      77200-79104           1|-
--                                               ||      79105-81009           1|-
--                                               ||      81010-82914           0|
--                                               ||      82915-84819           0|
--                                               ||      84820-86724           0|
--                                               ||      86725-88629           0|
--                                               ||      88630-90534           0|
--                                               ||      90535-92439           0|
--                                               ||      92440-94344           0|
--                                               ||      94345-96249           1|-
--    
----------------------------------------
-- Starting command on Wed Mar 30 14:56:34 2022 with 15974.027 GB free disk space

    cd correction/0-mercounts
    ./meryl-configure.sh \
    > ./meryl-configure.err 2>&1

-- Finished on Wed Mar 30 14:56:34 2022 (furiously fast) with 15974.03 GB free disk space
----------------------------------------
--  segments   memory batches
--  -------- -------- -------
--        01  1.24 GB       2
--        02  0.62 GB       2
--        04  0.31 GB       2
--
--  For 34536 reads with 480005500 bases, limit to 4 batches.
--  Will count kmers using 01 jobs, each using 3 GB and 4 threads.
--
-- Finished stage 'merylConfigure', reset canuIteration.
--
-- Running jobs.  First attempt out of 2.
--
-- Failed to submit compute jobs.  Delay 10 seconds and try again.

CRASH:
CRASH: canu snapshot v2.2 +0 changes (r10279 af9c6e709ff2d6473cf966702c420b9eb42d9078)
CRASH: Please panic, this is abnormal.
CRASH:
CRASH:   Failed to submit compute jobs.
CRASH:
CRASH: Failed at /sw/bioinfo/canu/2.2/rackham/bin/../lib/site_perl/canu/Execution.pm line 1259.
CRASH: 	canu::Execution::submitOrRunParallelJob('assembled_genome', 'meryl', 'correction/0-mercounts', 'meryl-count', 1) called at /sw/bioinfo/canu/2.2/rackham/bin/../lib/site_perl/canu/Meryl.pm line 847
CRASH: 	canu::Meryl::merylCountCheck('assembled_genome', 'cor') called at /sw/bioinfo/canu/2.2/snowy/bin/canu line 1076
CRASH: 
CRASH: Last 50 lines of the relevant log file (correction/0-mercounts/meryl-count.jobSubmit-01.out):
CRASH:
CRASH: sbatch: error: Errors in job submission: 
CRASH: sbatch: error: ERROR 1: Invalid project. 
CRASH: sbatch: error: Use the flag -A to specify an active project with allocation on this cluster.
CRASH: sbatch: error: Batch job submission failed: Unspecified error
CRASH:
