/var/spool/slurmd/job6116520/slurm_script: line 13: moduel: command not found
[15:11:06] This is prokka 1.14.6
[15:11:06] Written by Torsten Seemann <torsten.seemann@gmail.com>
[15:11:06] Homepage is https://github.com/tseemann/prokka
[15:11:06] Local time is Fri Apr  8 15:11:06 2022
[15:11:06] You are fewa6597
[15:11:06] Operating system is linux
[15:11:06] You have BioPerl 1.007001
[15:11:06] System has 16 cores.
[15:11:06] Will use maximum of 8 cores.
[15:11:06] Annotating as >>> Bacteria <<<
[15:11:06] Generating locus_tag from '/home/fewa6597/genome_analysis/Genome_Analysis_VT22/results/canu/assembled_genome.contigs.fasta' contents.
[15:11:06] Setting --locustag IFBECJGK from MD5 2fbec3046b37f28c49cc310681836665
[15:11:06] Creating new output folder: PROKKA_04082022
[15:11:06] Running: mkdir -p PROKKA_04082022
[15:11:06] Using filename prefix: PROKKA_04082022.XXX
[15:11:06] Setting HMMER_NCPU=1
[15:11:06] Writing log to: PROKKA_04082022/PROKKA_04082022.log
[15:11:06] Command: /sw/bioinfo/prokka/1.45-5b58020/rackham/bin/prokka /home/fewa6597/genome_analysis/Genome_Analysis_VT22/results/canu/assembled_genome.contigs.fasta
[15:11:06] Appending to PATH: /sw/bioinfo/prokka/1.45-5b58020/rackham/bin/../binaries/linux
[15:11:06] Appending to PATH: /sw/bioinfo/prokka/1.45-5b58020/rackham/bin/../binaries/linux/../common
[15:11:06] Appending to PATH: /sw/bioinfo/prokka/1.45-5b58020/rackham/bin
[15:11:06] Looking for 'aragorn' - found /sw/bioinfo/prokka/1.45-5b58020/rackham/bin/../binaries/linux/aragorn
[15:11:06] Determined aragorn version is 001002 from 'ARAGORN v1.2.38 Dean Laslett'
[15:11:06] Looking for 'barrnap' - found /sw/bioinfo/barrnap/0.8/rackham/bin/barrnap
[15:11:06] Determined barrnap version is 000008 from 'barrnap 0.8'
[15:11:06] Looking for 'blastp' - found /sw/bioinfo/blast/2.11.0+/rackham/bin/blastp
[15:11:07] Determined blastp version is 002011 from 'blastp: 2.11.0+'
[15:11:08] Looking for 'cmpress' - found /sw/bioinfo/prokka/1.45-5b58020/rackham/bin/../binaries/linux/cmpress
[15:11:08] Determined cmpress version is 001001 from '# INFERNAL 1.1.2 (July 2016)'
[15:11:08] Looking for 'cmscan' - found /sw/bioinfo/prokka/1.45-5b58020/rackham/bin/../binaries/linux/cmscan
[15:11:08] Determined cmscan version is 001001 from '# INFERNAL 1.1.2 (July 2016)'
[15:11:08] Looking for 'egrep' - found /usr/bin/egrep
[15:11:08] Looking for 'find' - found /usr/bin/find
[15:11:08] Looking for 'grep' - found /usr/bin/grep
[15:11:08] Looking for 'hmmpress' - found /sw/apps/bioinfo/hmmer/3.1b2/rackham/bin/hmmpress
[15:11:08] Determined hmmpress version is 003001 from '# HMMER 3.1b2 (February 2015); http://hmmer.org/'
[15:11:08] Looking for 'hmmscan' - found /sw/apps/bioinfo/hmmer/3.1b2/rackham/bin/hmmscan
[15:11:08] Determined hmmscan version is 003001 from '# HMMER 3.1b2 (February 2015); http://hmmer.org/'
[15:11:08] Looking for 'java' - found /usr/bin/java
[15:11:08] Looking for 'makeblastdb' - found /sw/bioinfo/blast/2.11.0+/rackham/bin/makeblastdb
[15:11:09] Determined makeblastdb version is 002011 from 'makeblastdb: 2.11.0+'
[15:11:09] Looking for 'minced' - found /sw/apps/bioinfo/minced/0.2.0/rackham/minced
[15:11:09] Determined minced version is 002000 from 'minced 0.2.0'
[15:11:09] Looking for 'parallel' - found /sw/parallel/gnuparallel/20170122/rackham/bin/parallel
[15:11:09] Determined parallel version is 20170122 from 'GNU parallel 20170122'
[15:11:09] Looking for 'prodigal' - found /sw/apps/bioinfo/prodigal/2.6.3/rackham/bin/prodigal
[15:11:09] Determined prodigal version is 002006 from 'Prodigal V2.6.3: February, 2016'
[15:11:09] Looking for 'prokka-genbank_to_fasta_db' - found /sw/bioinfo/prokka/1.45-5b58020/rackham/bin/prokka-genbank_to_fasta_db
[15:11:09] Looking for 'sed' - found /usr/bin/sed
[15:11:09] Looking for 'signalp' - found /sw/bioinfo/SignalP/4.1f/rackham/signalp
[15:11:09] Determined signalp version is 004001 from '4.1 6116520'
[15:11:09] Looking for 'tbl2asn' - found /sw/bioinfo/tbl2asn/25.8/rackham/tbl2asn
[15:11:09] Determined tbl2asn version is 025008 from 'tbl2asn 25.8   arguments:'
[15:11:09] Using genetic code table 11.
[15:11:09] Loading and checking input file: /home/fewa6597/genome_analysis/Genome_Analysis_VT22/results/canu/assembled_genome.contigs.fasta
[15:11:10] Wrote 3 contigs totalling 2655545 bp.
[15:11:10] Predicting tRNAs and tmRNAs
[15:11:10] Running: aragorn -l -gc11  -w PROKKA_04082022\/PROKKA_04082022\.fna
[15:11:11] 1 tRNA-Gly c[27059,27133] 33 (ccc)
[15:11:11] 2 tRNA-Ala c[128833,128908] 34 (ggc)
[15:11:11] 3 tRNA-Glu [180555,180632] 37 (ttc)
[15:11:11] 4 tRNA-Lys [303223,303298] 34 (ttt)
[15:11:11] 5 tRNA-Arg [315066,315142] 35 (tct)
[15:11:11] 6 tRNA-Leu [315381,315466] 34 (cag)
[15:11:11] 7 tRNA-Met c[354254,354329] 34 (cat)
[15:11:11] 8 tRNA-Arg c[404949,405025] 35 (acg)
[15:11:11] 9 tRNA-His c[418821,418895] 33 (gtg)
[15:11:11] 10 tRNA-Arg c[430493,430569] 35 (tcg)
[15:11:11] 11 tRNA-Cys [431349,431423] 33 (gca)
[15:11:11] 12 tRNA-Leu [507025,507111] 35 (caa)
[15:11:11] 13 tRNA-Ser [611343,611435] 35 (gga)
[15:11:11] 14 tRNA-Ser c[616879,616971] 35 (gct)
[15:11:11] 15 tRNA-Ser c[617002,617087] 35 (tga)
[15:11:11] 16 tRNA-Ser [619054,619143] 35 (cga)
[15:11:11] 17 tRNA-Met [629174,629250] 35 (cat)
[15:11:11] 18 tRNA-Pro c[698150,698226] 35 (tgg)
[15:11:11] 19 tRNA-Leu c[721014,721097] 34 (gag)
[15:11:11] 20 tmRNA c[756335,756693] 90,119 ANEELALAA*
[15:11:11] 21 tRNA-Val [832254,832328] 33 (cac)
[15:11:11] 22 tRNA-Val [867663,867737] 33 (gac)
[15:11:11] 23 tRNA-Gln c[1012610,1012683] 33 (ctg)
[15:11:11] 24 tRNA-Met [1059040,1059114] 33 (cat)
[15:11:11] 25 tRNA-Leu c[1107361,1107447] 35 (taa)
[15:11:11] 26 tRNA-Glu c[1113297,1113372] 35 (ctc)
[15:11:11] 27 tRNA-Ala [1154016,1154091] 34 (cgc)
[15:11:11] 28 tRNA-Lys [1232348,1232423] 34 (ctt)
[15:11:11] 29 tRNA-Gly c[1293411,1293485] 33 (gcc)
[15:11:11] 30 tRNA-Asn c[1310190,1310265] 34 (gtt)
[15:11:11] 31 tRNA-Arg c[1580234,1580311] 36 (ccg)
[15:11:11] 32 tRNA-Gln [1613882,1613956] 33 (ttg)
[15:11:11] 33 tRNA-Leu [1623787,1623872] 34 (tag)
[15:11:11] 34 tRNA-Tyr [1626127,1626212] 35 (gta)
[15:11:11] 35 tRNA-Gly [1626249,1626323] 33 (tcc)
[15:11:11] 36 tRNA-Thr [1626347,1626422] 34 (ggt)
[15:11:11] 37 tRNA-Trp [1627921,1627997] 35 (cca)
[15:11:11] 38 tRNA-Pro [1747684,1747760] 35 (cgg)
[15:11:11] 39 tRNA-Ile [1793007,1793083] 35 (gat)
[15:11:11] 40 tRNA-Ala [1793089,1793164] 34 (tgc)
[15:11:11] 41 tRNA-Ala c[1864423,1864498] 34 (tgc)
[15:11:11] 42 tRNA-Ile c[1864504,1864580] 35 (gat)
[15:11:11] 43 tRNA-Arg [1883065,1883140] 36 (cct)
[15:11:11] 44 tRNA-Pro c[1958844,1958920] 35 (ggg)
[15:11:11] 45 tRNA-Phe [2034351,2034426] 34 (gaa)
[15:11:11] 46 tRNA-Thr c[2378055,2378129] 33 (cgt)
[15:11:11] 47 tRNA-Asp c[2390410,2390486] 35 (gtc)
[15:11:11] 48 tRNA-Val [2391081,2391156] 34 (tac)
[15:11:11] 49 tRNA-Thr c[2492129,2492204] 34 (tgt)
[15:11:11] Found 49 tRNAs
[15:11:11] Predicting Ribosomal RNAs
[15:11:11] Running Barrnap with 8 threads
[15:11:13] 1 tig00000001 1791360 16S ribosomal RNA
[15:11:13] 2 tig00000001 1793301 23S ribosomal RNA
[15:11:13] 3 tig00000001 1796354 5S ribosomal RNA
[15:11:13] 4 tig00000001 1861125 5S ribosomal RNA
[15:11:13] 5 tig00000001 1861311 23S ribosomal RNA
[15:11:13] 6 tig00000001 1864671 16S ribosomal RNA
[15:11:13] Found 6 rRNAs
[15:11:13] Skipping ncRNA search, enable with --rfam if desired.
[15:11:13] Total of 54 tRNA + rRNA features
[15:11:13] Searching for CRISPR repeats
[15:11:13] CRISPR1 tig00000001 2174891 with 18 spacers
[15:11:14] Found 1 CRISPRs
[15:11:14] Predicting coding sequences
[15:11:14] Contigs total 2655545 bp, so using single mode
[15:11:14] Running: prodigal -i PROKKA_04082022\/PROKKA_04082022\.fna -c -m -g 11 -p single -f sco -q
[15:11:18] Excluding CDS which overlaps existing RNA (tRNA) at tig00000001:354320..354517 on - strand
[15:11:20] Excluding CDS which overlaps existing RNA (tRNA) at tig00000001:1747525..1747761 on - strand
[15:11:20] Excluding CDS which overlaps existing RNA (rRNA) at tig00000001:1791129..1791611 on - strand
[15:11:20] Excluding CDS which overlaps existing RNA (rRNA) at tig00000001:1796276..1796737 on + strand
[15:11:20] Excluding CDS which overlaps existing RNA (rRNA) at tig00000001:1860939..1861487 on + strand
[15:11:20] Excluding CDS which overlaps existing RNA (tRNA) at tig00000001:1863794..1864519 on + strand
[15:11:20] Excluding CDS which overlaps existing RNA (rRNA) at tig00000001:1865976..1866458 on + strand
[15:11:20] Excluding CDS which overlaps existing RNA (tRNA) at tig00000001:1958911..1959252 on - strand
[15:11:20] Excluding CDS which overlaps existing RNA (CRISPR) at tig00000001:2174496..2175119 on + strand
[15:11:20] Excluding CDS which overlaps existing RNA (tRNA) at tig00000001:2390644..2391090 on + strand
[15:11:21] Found 2631 CDS
[15:11:21] Connecting features back to sequences
[15:11:21] Not using genus-specific database. Try --usegenus to enable it.
[15:11:21] Annotating CDS, please be patient.
[15:11:21] Will use 8 CPUs for similarity searching.
[15:11:23] There are still 2631 unannotated CDS left (started with 2631)
[15:11:23] Will use blast to search against /sw/bioinfo/prokka/1.45-5b58020/rackham/db/kingdom/Bacteria/IS with 8 CPUs
[15:11:23] Running: cat PROKKA_04082022\/PROKKA_04082022\.IS\.tmp\.47821\.faa | parallel --gnu --plain -j 8 --block 49118 --recstart '>' --pipe blastp -query - -db /sw/bioinfo/prokka/1.45-5b58020/rackham/db/kingdom/Bacteria/IS -evalue 1e-30 -qcov_hsp_perc 90 -num_threads 1 -num_descriptions 1 -num_alignments 1 -seg no > PROKKA_04082022\/PROKKA_04082022\.IS\.tmp\.47821\.blast 2> /dev/null
[15:11:42] Deleting unwanted file: PROKKA_04082022/PROKKA_04082022.IS.tmp.47821.faa
[15:11:42] Deleting unwanted file: PROKKA_04082022/PROKKA_04082022.IS.tmp.47821.blast
[15:11:45] There are still 2601 unannotated CDS left (started with 2631)
[15:11:45] Will use blast to search against /sw/bioinfo/prokka/1.45-5b58020/rackham/db/kingdom/Bacteria/AMR with 8 CPUs
[15:11:45] Running: cat PROKKA_04082022\/PROKKA_04082022\.AMR\.tmp\.47821\.faa | parallel --gnu --plain -j 8 --block 48585 --recstart '>' --pipe blastp -query - -db /sw/bioinfo/prokka/1.45-5b58020/rackham/db/kingdom/Bacteria/AMR -evalue 9.99999999999999e-301 -qcov_hsp_perc 90 -num_threads 1 -num_descriptions 1 -num_alignments 1 -seg no > PROKKA_04082022\/PROKKA_04082022\.AMR\.tmp\.47821\.blast 2> /dev/null
[15:11:59] Deleting unwanted file: PROKKA_04082022/PROKKA_04082022.AMR.tmp.47821.faa
[15:11:59] Deleting unwanted file: PROKKA_04082022/PROKKA_04082022.AMR.tmp.47821.blast
[15:12:02] There are still 2601 unannotated CDS left (started with 2631)
[15:12:02] Will use blast to search against /sw/bioinfo/prokka/1.45-5b58020/rackham/db/kingdom/Bacteria/sprot with 8 CPUs
[15:12:02] Running: cat PROKKA_04082022\/PROKKA_04082022\.sprot\.tmp\.47821\.faa | parallel --gnu --plain -j 8 --block 48585 --recstart '>' --pipe blastp -query - -db /sw/bioinfo/prokka/1.45-5b58020/rackham/db/kingdom/Bacteria/sprot -evalue 1e-09 -qcov_hsp_perc 80 -num_threads 1 -num_descriptions 1 -num_alignments 1 -seg no > PROKKA_04082022\/PROKKA_04082022\.sprot\.tmp\.47821\.blast 2> /dev/null
[15:13:09] Modify product: Uncharacterized ABC transporter ATP-binding protein YknY => putative ABC transporter ATP-binding protein YknY
[15:13:09] Modify product: UPF0758 protein YsxA => hypothetical protein
[15:13:09] Modify product: Probable protein kinase UbiB => putative protein kinase UbiB
[15:13:09] Modify product: UPF0045 protein Rv1898 => hypothetical protein
[15:13:09] Modify product: Phosphate-specific transport system accessory protein PhoU homolog => Phosphate-specific transport system accessory protein PhoU 
[15:13:09] Modify product: Uncharacterized HIT-like protein HP_0404 => putative HIT-like protein
[15:13:09] Modify product: Uncharacterized protein YqeY => putative protein YqeY
[15:13:09] Modify product: Bifunctional protein Rv2228c => Bifunctional protein
[15:13:09] Modify product: Uncharacterized ABC transporter ATP-binding protein YheS => putative ABC transporter ATP-binding protein YheS
[15:13:09] Modify product: Cyclic di-GMP phosphodiesterase PA4108 => Cyclic di-GMP phosphodiesterase
[15:13:09] Modify product: Glycogen operon protein GlgX homolog => Glycogen operon protein GlgX 
[15:13:09] Modify product: Glycogen operon protein GlgX homolog => Glycogen operon protein GlgX 
[15:13:09] Modify product: Uncharacterized MFS-type transporter Rv2456c => putative MFS-type transporter
[15:13:09] Modify product: Phage shock protein A homolog => Phage shock protein A 
[15:13:09] Modify product: Uncharacterized oxidoreductase Rv0484c => putative oxidoreductase
[15:13:09] Modify product: Uncharacterized amino acid permease YhdG => putative amino acid permease YhdG
[15:13:09] Modify product: UPF0060 membrane protein YnfA => hypothetical protein
[15:13:09] Modify product: Uncharacterized MFS-type transporter Rv2456c => putative MFS-type transporter
[15:13:09] Modify product: Uncharacterized oxidoreductase SA2266 => putative oxidoreductase
[15:13:09] Modify product: Probable biofilm formation methyltransferase WspC => putative biofilm formation methyltransferase WspC
[15:13:09] Modify product: Probable ATP synthase YscN => putative ATP synthase YscN
[15:13:09] Modify product: Probable glycine dehydrogenase (decarboxylating) subunit 2 => putative glycine dehydrogenase (decarboxylating) subunit 2
[15:13:09] Modify product: Probable glycine dehydrogenase (decarboxylating) subunit 1 => putative glycine dehydrogenase (decarboxylating) subunit 1
[15:13:09] Modify product: Sulfurtransferase Alvin_2599 => Sulfurtransferase
[15:13:09] Modify product: Uncharacterized oxidoreductase YciK => putative oxidoreductase YciK
[15:13:10] Modify product: Nucleoid-associated protein Cthe_2143 => Nucleoid-associated protein
[15:13:10] Modify product: Uncharacterized protein YbiB => putative protein YbiB
[15:13:10] Modify product: Cyclic di-GMP phosphodiesterase PA4108 => Cyclic di-GMP phosphodiesterase
[15:13:10] Modify product: Uncharacterized signaling protein PA1727 => putative signaling protein
[15:13:10] Modify product: Probable Fe(2+)-trafficking protein => putative Fe(2+)-trafficking protein
[15:13:10] Modify product: Uncharacterized AAA domain-containing protein Rv2559c => putative AAA domain-containing protein
[15:13:10] Modify product: Probable adenylyltransferase/sulfurtransferase MoeZ => putative adenylyltransferase/sulfurtransferase MoeZ
[15:13:10] Modify product: Probable ABC transporter-binding protein DR_1571 => putative ABC transporter-binding protein
[15:13:10] Modify product: UPF0056 inner membrane protein YhgN => hypothetical protein
[15:13:10] Modify product: Uncharacterized NTE family protein Rv1063c => putative NTE family protein
[15:13:10] Modify product: Uncharacterized HTH-type transcriptional regulator YbaQ => putative HTH-type transcriptional regulator YbaQ
[15:13:10] Modify product: UPF0324 inner membrane protein YeiH => hypothetical protein
[15:13:10] Modify product: Probable GTP-binding protein EngB => putative GTP-binding protein EngB
[15:13:10] Modify product: 1,4-alpha-glucan branching enzyme TTHA1902 => 1,4-alpha-glucan branching enzyme
[15:13:10] Modify product: Protease HtpX homolog => Protease HtpX 
[15:13:10] Modify product: Probable ribonucleotide transport ATP-binding protein mkl => putative ribonucleotide transport ATP-binding protein mkl
[15:13:10] Modify product: UPF0053 protein Rv2366c => hypothetical protein
[15:13:10] Modify product: Protein aq_1857 => Protein
[15:13:10] Modify product: Uncharacterized protein Rv2030c => putative protein
[15:13:10] Modify product: UPF0098 protein YbcL => hypothetical protein
[15:13:10] Modify product: Uncharacterized zinc protease Rv2782c => putative zinc protease
[15:13:10] Modify product: Uncharacterized zinc protease Rv2782c => putative zinc protease
[15:13:10] Modify product: Probable lipid II flippase MurJ => putative lipid II flippase MurJ
[15:13:10] Modify product: Cyclic di-GMP phosphodiesterase PA4108 => Cyclic di-GMP phosphodiesterase
[15:13:10] Modify product: Probable alcohol dehydrogenase AdhA => putative alcohol dehydrogenase AdhA
[15:13:10] Modify product: UPF0060 membrane protein YnfA => hypothetical protein
[15:13:10] Modify product: Probable peptidoglycan glycosyltransferase FtsW => putative peptidoglycan glycosyltransferase FtsW
[15:13:10] Modify product: Uncharacterized signaling protein PA1727 => putative signaling protein
[15:13:10] Modify product: Uncharacterized signaling protein PA1727 => putative signaling protein
[15:13:10] Modify product: Uncharacterized protein YccU => putative protein YccU
[15:13:10] Modify product: Transcriptional repressor SmtB homolog => Transcriptional repressor SmtB 
[15:13:10] Modify product: UPF0234 protein MSMEG_1165/MSMEI_1134 => hypothetical protein
[15:13:10] Modify product: Probable cystine transporter YijE => putative cystine transporter YijE
[15:13:10] Modify product: Probable cystine transporter YijE => putative cystine transporter YijE
[15:13:11] Modify product: Probable multidrug resistance protein EmrY => putative multidrug resistance protein EmrY
[15:13:11] Modify product: Uncharacterized protein Rv1488 => putative protein
[15:13:11] Modify product: Probable bifunctional transcriptional activator/DNA repair enzyme AlkA => putative bifunctional transcriptional activator/DNA repair enzyme AlkA
[15:13:11] Modify product: UPF0194 membrane protein YbhG => hypothetical protein
[15:13:11] Modify product: Probable multidrug ABC transporter ATP-binding protein YbhF => putative multidrug ABC transporter ATP-binding protein YbhF
[15:13:11] Modify product: Probable multidrug ABC transporter permease YbhS => putative multidrug ABC transporter permease YbhS
[15:13:11] Modify product: Probable multidrug ABC transporter permease YbhR => putative multidrug ABC transporter permease YbhR
[15:13:11] Modify product: Uncharacterized protein Rv2008c => putative protein
[15:13:11] Modify product: NADH dehydrogenase-like protein SAOUHSC_00878 => NADH dehydrogenase-like protein
[15:13:11] Modify product: Probable multidrug ABC transporter ATP-binding protein YbhF => putative multidrug ABC transporter ATP-binding protein YbhF
[15:13:11] Modify product: UPF0701 protein HI_0467 => hypothetical protein
[15:13:11] Modify product: Probable cation efflux system protein Rv2025c => putative cation efflux system protein
[15:13:11] Modify product: Bifunctional protein FolD => Bifunctional protein FolD protein
[15:13:11] Modify product: Probable transcriptional regulatory protein DVU_2259 => putative transcriptional regulatory protein
[15:13:11] Modify product: UPF0413 protein YjbH => hypothetical protein
[15:13:11] Modify product: Uncharacterized ABC transporter ATP-binding protein Rv0986 => putative ABC transporter ATP-binding protein
[15:13:11] Modify product: Uncharacterized metallophosphoesterase YhaO => putative metallophosphoesterase YhaO
[15:13:11] Modify product: UPF0098 protein CT_736 => hypothetical protein
[15:13:11] Modify product: Cyclic di-GMP phosphodiesterase PA4108 => Cyclic di-GMP phosphodiesterase
[15:13:11] Modify product: Probable multidrug resistance protein EmrK => putative multidrug resistance protein EmrK
[15:13:11] Modify product: Nucleotide-binding protein SA0720 => Nucleotide-binding protein
[15:13:11] Modify product: Probable nicotinate-nucleotide pyrophosphorylase [carboxylating] => putative nicotinate-nucleotide pyrophosphorylase [carboxylating]
[15:13:11] Modify product: UPF0182 protein MSMEG_1959/MSMEI_1915 => hypothetical protein
[15:13:11] Modify product: UPF0109 protein Rv2908c => hypothetical protein
[15:13:11] Modify product: Uncharacterized zinc protease Rv2782c => putative zinc protease
[15:13:11] Modify product: Uncharacterized zinc protease Rv2782c => putative zinc protease
[15:13:11] Modify product: GTP-binding protein TypA/BipA homolog => GTP-binding protein TypA/BipA 
[15:13:11] Modify product: Ribonuclease TTHA0252 => Ribonuclease
[15:13:11] Cleaned 87 /product names
[15:13:11] Deleting unwanted file: PROKKA_04082022/PROKKA_04082022.sprot.tmp.47821.faa
[15:13:11] Deleting unwanted file: PROKKA_04082022/PROKKA_04082022.sprot.tmp.47821.blast
[15:13:13] There are still 1592 unannotated CDS left (started with 2631)
[15:13:13] Will use hmmer3 to search against /sw/bioinfo/prokka/1.45-5b58020/rackham/db/hmm/HAMAP.hmm with 8 CPUs
[15:13:13] Running: cat PROKKA_04082022\/PROKKA_04082022\.HAMAP\.hmm\.tmp\.47821\.faa | parallel --gnu --plain -j 8 --block 26735 --recstart '>' --pipe hmmscan --noali --notextw --acc -E 1e-09 --cpu 1 /sw/bioinfo/prokka/1.45-5b58020/rackham/db/hmm/HAMAP.hmm /dev/stdin > PROKKA_04082022\/PROKKA_04082022\.HAMAP\.hmm\.tmp\.47821\.hmmer3 2> /dev/null
[15:13:51] Deleting unwanted file: PROKKA_04082022/PROKKA_04082022.HAMAP.hmm.tmp.47821.faa
[15:13:51] Deleting unwanted file: PROKKA_04082022/PROKKA_04082022.HAMAP.hmm.tmp.47821.hmmer3
[15:13:51] Labelling remaining 1347 proteins as 'hypothetical protein'
[15:13:51] Possible /pseudo 'Glucose-6-phosphate isomerase' at tig00000001 position 2133
[15:13:51] Possible /pseudo 'Thiosulfate dehydrogenase' at tig00000001 position 23677
[15:13:51] Possible /pseudo 'D-inositol-3-phosphate glycosyltransferase' at tig00000001 position 221523
[15:13:51] Possible /pseudo 'Trehalose synthase/amylase TreS' at tig00000001 position 283551
[15:13:51] Possible /pseudo 'Sulfide-quinone reductase' at tig00000001 position 346332
[15:13:51] Possible /pseudo 'Chaperone protein HscA' at tig00000001 position 369259
[15:13:51] Possible /pseudo 'putative zinc protease' at tig00000001 position 390449
[15:13:51] Possible /pseudo 'Diaminobutyrate--2-oxoglutarate transaminase' at tig00000001 position 434939
[15:13:51] Possible /pseudo 'UvrABC system protein B' at tig00000001 position 459871
[15:13:51] Possible /pseudo 'Aminopeptidase N' at tig00000001 position 463362
[15:13:51] Possible /pseudo 'RNA polymerase sigma factor FliA' at tig00000001 position 550809
[15:13:51] Possible /pseudo 'Flagellar biosynthesis protein FlhA' at tig00000001 position 554045
[15:13:51] Possible /pseudo 'Dihydrolipoyl dehydrogenase' at tig00000001 position 628817
[15:13:51] Possible /pseudo 'Ribonuclease R' at tig00000001 position 638255
[15:13:51] Possible /pseudo 'Ribonuclease R' at tig00000001 position 638605
[15:13:51] Possible /pseudo 'Peptidoglycan-associated lipoprotein' at tig00000001 position 641551
[15:13:51] Possible /pseudo 'Cobalamin biosynthesis bifunctional protein CbiET' at tig00000001 position 798334
[15:13:51] Possible /pseudo 'IS1380 family transposase ISLsp3' at tig00000001 position 802722
[15:13:51] Possible /pseudo 'Alpha-amylase 1' at tig00000001 position 879754
[15:13:51] Possible /pseudo 'Peptidoglycan D,D-transpeptidase MrdA' at tig00000001 position 909057
[15:13:51] Possible /pseudo 'Alanine racemase' at tig00000001 position 923760
[15:13:51] Possible /pseudo 'Thiol-disulfide oxidoreductase ResA' at tig00000001 position 931134
[15:13:51] Possible /pseudo 'Thymidylate kinase' at tig00000001 position 940525
[15:13:51] Possible /pseudo 'Ubiquinone/menaquinone biosynthesis C-methyltransferase UbiE' at tig00000001 position 944713
[15:13:51] Possible /pseudo 'Flagellar basal-body rod protein FlgG' at tig00000001 position 961452
[15:13:51] Possible /pseudo 'Cellulose synthase catalytic subunit [UDP-forming]' at tig00000001 position 1006358
[15:13:51] Possible /pseudo 'Glycogen operon protein GlgX ' at tig00000001 position 1080070
[15:13:51] Possible /pseudo 'Metalloprotease TldD' at tig00000001 position 1124484
[15:13:51] Possible /pseudo 'Formate--tetrahydrofolate ligase' at tig00000001 position 1133418
[15:13:51] Possible /pseudo '3-oxoacyl-[acyl-carrier-protein] synthase 3' at tig00000001 position 1145238
[15:13:51] Possible /pseudo 'ATP-dependent DNA helicase PcrA' at tig00000001 position 1204888
[15:13:51] Possible /pseudo 'Efflux pump membrane transporter BepE' at tig00000001 position 1238874
[15:13:51] Possible /pseudo 'RecBCD enzyme subunit RecD' at tig00000001 position 1251384
[15:13:51] Possible /pseudo 'Siroheme synthase' at tig00000001 position 1320038
[15:13:51] Possible /pseudo 'Homoserine kinase' at tig00000001 position 1336715
[15:13:51] Possible /pseudo 'Carbamoyl-phosphate synthase large chain' at tig00000001 position 1386454
[15:13:51] Possible /pseudo 'Carbamoyl-phosphate synthase large chain' at tig00000001 position 1387863
[15:13:51] Possible /pseudo 'Apolipoprotein N-acyltransferase' at tig00000001 position 1413089
[15:13:51] Possible /pseudo 'putative cystine transporter YijE' at tig00000001 position 1454213
[15:13:51] Possible /pseudo 'Biotin carboxylase' at tig00000001 position 1708883
[15:13:51] Possible /pseudo 'Glutamate synthase [NADPH] large chain' at tig00000001 position 1750827
[15:13:51] Possible /pseudo 'Dihydroxy-acid dehydratase' at tig00000001 position 2065901
[15:13:51] Possible /pseudo 'Nitrogen regulatory protein P-II' at tig00000001 position 2131752
[15:13:51] Possible /pseudo 'Isocitrate dehydrogenase [NADP]' at tig00000001 position 2316461
[15:13:51] Possible /pseudo 'S-methyl-5'-thioadenosine phosphorylase' at tig00000001 position 2382387
[15:13:51] Possible /pseudo 'tRNA dimethylallyltransferase' at tig00000001 position 2383296
[15:13:51] Possible /pseudo 'putative zinc protease' at tig00000001 position 2479762
[15:13:51] Possible /pseudo 'GTPase Era' at tig00000001 position 2519765
[15:13:51] Found 966 unique /gene codes.
[15:13:51] Fixed 2 duplicate /gene - lnt_1 lnt_2
[15:13:51] Fixed 2 duplicate /gene - mdtB_1 mdtB_2
[15:13:51] Fixed 3 duplicate /gene - rnr_1 rnr_2 rnr_3
[15:13:51] Fixed 2 duplicate /gene - pgsA_1 pgsA_2
[15:13:51] Fixed 2 duplicate /gene - iscS_1 iscS_2
[15:13:51] Fixed 2 duplicate /gene - lpxA_1 lpxA_2
[15:13:51] Fixed 2 duplicate /gene - def_1 def_2
[15:13:51] Fixed 2 duplicate /gene - hup_1 hup_2
[15:13:51] Fixed 2 duplicate /gene - petB_1 petB_2
[15:13:51] Fixed 2 duplicate /gene - tolR_1 tolR_2
[15:13:51] Fixed 2 duplicate /gene - iolS_1 iolS_2
[15:13:51] Fixed 6 duplicate /gene - xerC_1 xerC_2 xerC_3 xerC_4 xerC_5 xerC_6
[15:13:51] Fixed 3 duplicate /gene - merA_1 merA_2 merA_3
[15:13:51] Fixed 3 duplicate /gene - dnaJ_1 dnaJ_2 dnaJ_3
[15:13:51] Fixed 5 duplicate /gene - glnB_1 glnB_2 glnB_3 glnB_4 glnB_5
[15:13:51] Fixed 2 duplicate /gene - nifD_1 nifD_2
[15:13:51] Fixed 3 duplicate /gene - recD_1 recD_2 recD_3
[15:13:51] Fixed 2 duplicate /gene - mlaE_1 mlaE_2
[15:13:51] Fixed 4 duplicate /gene - sasA_1 sasA_2 sasA_3 sasA_4
[15:13:51] Fixed 2 duplicate /gene - pepN_1 pepN_2
[15:13:51] Fixed 2 duplicate /gene - amyA_1 amyA_2
[15:13:51] Fixed 4 duplicate /gene - rcsC_1 rcsC_2 rcsC_3 rcsC_4
[15:13:51] Fixed 2 duplicate /gene - hag_1 hag_2
[15:13:51] Fixed 3 duplicate /gene - lexA_1 lexA_2 lexA_3
[15:13:51] Fixed 5 duplicate /gene - czcA_1 czcA_2 czcA_3 czcA_4 czcA_5
[15:13:51] Fixed 2 duplicate /gene - ectB_1 ectB_2
[15:13:51] Fixed 2 duplicate /gene - gloB_1 gloB_2
[15:13:51] Fixed 4 duplicate /gene - COQ5_1 COQ5_2 COQ5_3 COQ5_4
[15:13:51] Fixed 2 duplicate /gene - fdx_1 fdx_2
[15:13:51] Fixed 2 duplicate /gene - fliA_1 fliA_2
[15:13:51] Fixed 3 duplicate /gene - sctC_1 sctC_2 sctC_3
[15:13:51] Fixed 2 duplicate /gene - nifK_1 nifK_2
[15:13:51] Fixed 2 duplicate /gene - trmR_1 trmR_2
[15:13:51] Fixed 2 duplicate /gene - cbiET_1 cbiET_2
[15:13:51] Fixed 3 duplicate /gene - cysG_1 cysG_2 cysG_3
[15:13:51] Fixed 7 duplicate /gene - atoC_1 atoC_2 atoC_3 atoC_4 atoC_5 atoC_6 atoC_7
[15:13:51] Fixed 2 duplicate /gene - nuoL_1 nuoL_2
[15:13:51] Fixed 2 duplicate /gene - tolB_1 tolB_2
[15:13:51] Fixed 3 duplicate /gene - carB_1 carB_2 carB_3
[15:13:51] Fixed 2 duplicate /gene - thrC_1 thrC_2
[15:13:51] Fixed 2 duplicate /gene - nsrR_1 nsrR_2
[15:13:51] Fixed 2 duplicate /gene - ywlC_1 ywlC_2
[15:13:51] Fixed 2 duplicate /gene - ccsA_1 ccsA_2
[15:13:51] Fixed 2 duplicate /gene - proP_1 proP_2
[15:13:51] Fixed 2 duplicate /gene - xerD_1 xerD_2
[15:13:51] Fixed 2 duplicate /gene - vgb_1 vgb_2
[15:13:51] Fixed 7 duplicate /gene - ilvD_1 ilvD_2 ilvD_3 ilvD_4 ilvD_5 ilvD_6 ilvD_7
[15:13:51] Fixed 2 duplicate /gene - mrdA_1 mrdA_2
[15:13:51] Fixed 2 duplicate /gene - glmS_1 glmS_2
[15:13:51] Fixed 2 duplicate /gene - prcA_1 prcA_2
[15:13:51] Fixed 2 duplicate /gene - ccoN1_1 ccoN1_2
[15:13:51] Fixed 2 duplicate /gene - mdtC_1 mdtC_2
[15:13:51] Fixed 2 duplicate /gene - ftsI_1 ftsI_2
[15:13:51] Fixed 2 duplicate /gene - ybhF_1 ybhF_2
[15:13:51] Fixed 2 duplicate /gene - flhA_1 flhA_2
[15:13:51] Fixed 2 duplicate /gene - auaH_1 auaH_2
[15:13:51] Fixed 2 duplicate /gene - ubiE_1 ubiE_2
[15:13:51] Fixed 2 duplicate /gene - glgX_1 glgX_2
[15:13:51] Fixed 2 duplicate /gene - flgG_1 flgG_2
[15:13:51] Fixed 2 duplicate /gene - cmpR_1 cmpR_2
[15:13:51] Fixed 2 duplicate /gene - tufA_1 tufA_2
[15:13:51] Fixed 2 duplicate /gene - tam_1 tam_2
[15:13:51] Fixed 5 duplicate /gene - pal_1 pal_2 pal_3 pal_4 pal_5
[15:13:51] Fixed 2 duplicate /gene - tolC_1 tolC_2
[15:13:51] Fixed 5 duplicate /gene - mshA_1 mshA_2 mshA_3 mshA_4 mshA_5
[15:13:51] Fixed 2 duplicate /gene - fhs_1 fhs_2
[15:13:51] Fixed 2 duplicate /gene - dinG_1 dinG_2
[15:13:51] Fixed 7 duplicate /gene - norR_1 norR_2 norR_3 norR_4 norR_5 norR_6 norR_7
[15:13:51] Fixed 2 duplicate /gene - thrB_1 thrB_2
[15:13:51] Fixed 2 duplicate /gene - treS_1 treS_2
[15:13:51] Fixed 2 duplicate /gene - lapB_1 lapB_2
[15:13:51] Fixed 3 duplicate /gene - cusB_1 cusB_2 cusB_3
[15:13:51] Fixed 2 duplicate /gene - dppB_1 dppB_2
[15:13:51] Fixed 4 duplicate /gene - resA_1 resA_2 resA_3 resA_4
[15:13:51] Fixed 4 duplicate /gene - tsdA_1 tsdA_2 tsdA_3 tsdA_4
[15:13:51] Fixed 2 duplicate /gene - rnc_1 rnc_2
[15:13:51] Fixed 2 duplicate /gene - ndhK_1 ndhK_2
[15:13:51] Fixed 2 duplicate /gene - yijE_1 yijE_2
[15:13:51] Fixed 2 duplicate /gene - traG_1 traG_2
[15:13:51] Fixed 2 duplicate /gene - gpmA_1 gpmA_2
[15:13:51] Fixed 2 duplicate /gene - prcB_1 prcB_2
[15:13:51] Fixed 2 duplicate /gene - farB_1 farB_2
[15:13:51] Fixed 2 duplicate /gene - wbgU_1 wbgU_2
[15:13:51] Fixed 2 duplicate /gene - gtaB_1 gtaB_2
[15:13:51] Fixed 2 duplicate /gene - accC_1 accC_2
[15:13:51] Fixed 2 duplicate /gene - uvrB_1 uvrB_2
[15:13:51] Fixed 2 duplicate /gene - rpfG_1 rpfG_2
[15:13:51] Fixed 2 duplicate /gene - hisC_1 hisC_2
[15:13:51] Fixed 2 duplicate /gene - bepE_1 bepE_2
[15:13:51] Fixed 3 duplicate /gene - dop_1 dop_2 dop_3
[15:13:51] Fixed 2 duplicate /gene - hscA_1 hscA_2
[15:13:51] Fixed 2 duplicate /gene - dksA_1 dksA_2
[15:13:51] Fixed 2 duplicate /gene - prfB_1 prfB_2
[15:13:51] Fixed 2 duplicate /gene - atpD_1 atpD_2
[15:13:51] Fixed 2 duplicate /gene - rny_1 rny_2
[15:13:51] Fixed 2 duplicate /gene - phoP_1 phoP_2
[15:13:51] Fixed 2 duplicate /gene - miaA_1 miaA_2
[15:13:51] Fixed 2 duplicate /gene - mtgA_1 mtgA_2
[15:13:51] Fixed 3 duplicate /gene - fabH_1 fabH_2 fabH_3
[15:13:51] Fixed 2 duplicate /gene - mfd_1 mfd_2
[15:13:51] Fixed 2 duplicate /gene - tldD_1 tldD_2
[15:13:51] Fixed 4 duplicate /gene - ndhB_1 ndhB_2 ndhB_3 ndhB_4
[15:13:51] Fixed 2 duplicate /gene - recD2_1 recD2_2
[15:13:51] Fixed 4 duplicate /gene - tmk_1 tmk_2 tmk_3 tmk_4
[15:13:51] Fixed 2 duplicate /gene - hcf136_1 hcf136_2
[15:13:51] Fixed 2 duplicate /gene - era_1 era_2
[15:13:51] Fixed 5 duplicate /gene - cpoB_1 cpoB_2 cpoB_3 cpoB_4 cpoB_5
[15:13:51] Fixed 2 duplicate /gene - gcvT_1 gcvT_2
[15:13:51] Fixed 2 duplicate /gene - sucC_1 sucC_2
[15:13:51] Fixed 2 duplicate /gene - hldD_1 hldD_2
[15:13:51] Fixed 2 duplicate /gene - tusA_1 tusA_2
[15:13:51] Fixed 3 duplicate /gene - tolQ_1 tolQ_2 tolQ_3
[15:13:51] Fixed 2 duplicate /gene - gph_1 gph_2
[15:13:51] Fixed 2 duplicate /gene - lon_1 lon_2
[15:13:51] Fixed 2 duplicate /gene - leuC_1 leuC_2
[15:13:51] Fixed 2 duplicate /gene - lpd_1 lpd_2
[15:13:51] Fixed 3 duplicate /gene - pcrA_1 pcrA_2 pcrA_3
[15:13:51] Fixed 3 duplicate /gene - pgi_1 pgi_2 pgi_3
[15:13:51] Fixed 2 duplicate /gene - leuA_1 leuA_2
[15:13:51] Fixed 9 duplicate /gene - bepA_1 bepA_2 bepA_3 bepA_4 bepA_5 bepA_6 bepA_7 bepA_8 bepA_9
[15:13:51] Fixed 3 duplicate /gene - bcsA_1 bcsA_2 bcsA_3
[15:13:51] Fixed 5 duplicate /gene - mdtA_1 mdtA_2 mdtA_3 mdtA_4 mdtA_5
[15:13:51] Fixed 2 duplicate /gene - sucD_1 sucD_2
[15:13:51] Fixed 2 duplicate /gene - petC_1 petC_2
[15:13:51] Fixed 2 duplicate /gene - icd_1 icd_2
[15:13:51] Fixed 125 colliding /gene names.
[15:13:51] Adding /locus_tag identifiers
[15:13:51] Assigned 2686 locus_tags to CDS and RNA features.
[15:13:51] Writing outputs to PROKKA_04082022/
[15:13:54] Generating annotation statistics file
[15:13:54] Generating Genbank and Sequin files
[15:13:54] Running: tbl2asn -V b -a r10k -l paired-ends -M n -N 1 -y 'Annotated using prokka 1.14.6 from https://github.com/tseemann/prokka' -Z PROKKA_04082022\/PROKKA_04082022\.err -i PROKKA_04082022\/PROKKA_04082022\.fsa 2> /dev/null
[15:14:00] Deleting unwanted file: PROKKA_04082022/errorsummary.val
[15:14:00] Deleting unwanted file: PROKKA_04082022/PROKKA_04082022.dr
[15:14:00] Deleting unwanted file: PROKKA_04082022/PROKKA_04082022.fixedproducts
[15:14:00] Deleting unwanted file: PROKKA_04082022/PROKKA_04082022.ecn
[15:14:00] Deleting unwanted file: PROKKA_04082022/PROKKA_04082022.val
[15:14:00] Repairing broken .GBK output that tbl2asn produces...
[15:14:00] Running: sed 's/COORDINATES: profile/COORDINATES:profile/' < PROKKA_04082022\/PROKKA_04082022\.gbf > PROKKA_04082022\/PROKKA_04082022\.gbk
[15:14:00] Deleting unwanted file: PROKKA_04082022/PROKKA_04082022.gbf
[15:14:00] Output files:
[15:14:00] PROKKA_04082022/PROKKA_04082022.log
[15:14:00] PROKKA_04082022/PROKKA_04082022.fna
[15:14:00] PROKKA_04082022/PROKKA_04082022.gff
[15:14:00] PROKKA_04082022/PROKKA_04082022.faa
[15:14:00] PROKKA_04082022/PROKKA_04082022.ffn
[15:14:00] PROKKA_04082022/PROKKA_04082022.tbl
[15:14:00] PROKKA_04082022/PROKKA_04082022.fsa
[15:14:00] PROKKA_04082022/PROKKA_04082022.tsv
[15:14:00] PROKKA_04082022/PROKKA_04082022.txt
[15:14:00] PROKKA_04082022/PROKKA_04082022.gbk
[15:14:00] PROKKA_04082022/PROKKA_04082022.sqn
[15:14:00] PROKKA_04082022/PROKKA_04082022.err
[15:14:00] Annotation finished successfully.
[15:14:00] Walltime used: 2.90 minutes
[15:14:00] If you use this result please cite the Prokka paper:
[15:14:00] Seemann T (2014) Prokka: rapid prokaryotic genome annotation. Bioinformatics. 30(14):2068-9.
[15:14:00] Type 'prokka --citation' for more details.
[15:14:00] Thank you, come again.
