	trimmomatic 0.36 loaded, see 'module help trimmomatic/0.36' for more information.
TrimmomaticPE: Started with arguments:
 ERR2036629_1.fastq.gz ERR2036629_2.fastq.gz ER2036629_fw_paired.fq.qz ER2036629_fw_unpaired.fq.qz ER2036629_rev_paired.fq.qz ER2036629_rev_unpaired.fq.qz ILLUMINACLIP:/sw/apps/bioinfo/trimmomatic/0.36/snowy/adapters/TruSeq3-PE-2.fa:2:30:10 LEADING:3 TRAILING:3 SLIDINGWINDOW:4:15 MINLEN:36
Multiple cores found: Using 2 threads
Using PrefixPair: 'TACACTCTTTCCCTACACGACGCTCTTCCGATCT' and 'GTGACTGGAGTTCAGACGTGTGCTCTTCCGATCT'
Using Long Clipping Sequence: 'AGATCGGAAGAGCGTCGTGTAGGGAAAGAGTGTA'
Using Long Clipping Sequence: 'AGATCGGAAGAGCACACGTCTGAACTCCAGTCAC'
Using Long Clipping Sequence: 'GTGACTGGAGTTCAGACGTGTGCTCTTCCGATCT'
Using Long Clipping Sequence: 'TACACTCTTTCCCTACACGACGCTCTTCCGATCT'
ILLUMINACLIP: Using 1 prefix pairs, 4 forward/reverse sequences, 0 forward only sequences, 0 reverse only sequences
Quality encoding detected as phred33
Exception in thread "main" java.io.FileNotFoundException: ER2036629_fw_paired.fq.qz (Permission denied)
	at java.io.FileOutputStream.open0(Native Method)
	at java.io.FileOutputStream.open(FileOutputStream.java:270)
	at java.io.FileOutputStream.<init>(FileOutputStream.java:213)
	at java.io.FileOutputStream.<init>(FileOutputStream.java:162)
	at org.usadellab.trimmomatic.fastq.FastqSerializer.open(FastqSerializer.java:28)
	at org.usadellab.trimmomatic.TrimmomaticPE.process(TrimmomaticPE.java:288)
	at org.usadellab.trimmomatic.TrimmomaticPE.run(TrimmomaticPE.java:539)
	at org.usadellab.trimmomatic.Trimmomatic.main(Trimmomatic.java:80)
